{"numTotalTestSuites":1265,"numPassedTestSuites":1194,"numFailedTestSuites":71,"numPendingTestSuites":0,"numTotalTests":2208,"numPassedTests":2116,"numFailedTests":85,"numPendingTests":7,"numTodoTests":0,"snapshot":{"added":0,"failure":false,"filesAdded":0,"filesRemoved":0,"filesRemovedList":[],"filesUnmatched":0,"filesUpdated":0,"matched":0,"total":0,"unchecked":0,"uncheckedKeysByFile":[],"unmatched":0,"updated":0,"didUpdate":false},"startTime":1773021818821,"success":false,"testResults":[{"assertionResults":[{"ancestorTitles":["Sentinel: IPC Validation Security","FetchUrlSchema (SSRF Protection)"],"fullName":"Sentinel: IPC Validation Security FetchUrlSchema (SSRF Protection) should accept valid public URLs","status":"passed","title":"should accept valid public URLs","duration":67.61183299999993,"failureMessages":[],"meta":{}},{"ancestorTitles":["Sentinel: IPC Validation Security","FetchUrlSchema (SSRF Protection)"],"fullName":"Sentinel: IPC Validation Security FetchUrlSchema (SSRF Protection) should reject invalid protocols","status":"passed","title":"should reject invalid protocols","duration":3.57300000000032,"failureMessages":[],"meta":{}},{"ancestorTitles":["Sentinel: IPC Validation Security","FetchUrlSchema (SSRF Protection)"],"fullName":"Sentinel: IPC Validation Security FetchUrlSchema (SSRF Protection) should reject localhost","status":"passed","title":"should reject localhost","duration":6.377958999999919,"failureMessages":[],"meta":{}},{"ancestorTitles":["Sentinel: IPC Validation Security","FetchUrlSchema (SSRF Protection)"],"fullName":"Sentinel: IPC Validation Security FetchUrlSchema (SSRF Protection) should reject private IP addresses (IPv4)","status":"passed","title":"should reject private IP addresses (IPv4)","duration":12.268040999999812,"failureMessages":[],"meta":{}},{"ancestorTitles":["Sentinel: IPC Validation Security","FetchUrlSchema (SSRF Protection)"],"fullName":"Sentinel: IPC Validation Security FetchUrlSchema (SSRF Protection) should reject private IP addresses (IPv6)","status":"passed","title":"should reject private IP addresses (IPv6)","duration":7.171374999999898,"failureMessages":[],"meta":{}},{"ancestorTitles":["Sentinel: IPC Validation Security","SftpUploadSchema (Path Traversal Protection)"],"fullName":"Sentinel: IPC Validation Security SftpUploadSchema (Path Traversal Protection) should accept valid relative paths","status":"passed","title":"should accept valid relative paths","duration":2.1562919999996666,"failureMessages":[],"meta":{}},{"ancestorTitles":["Sentinel: IPC Validation Security","SftpUploadSchema (Path Traversal Protection)"],"fullName":"Sentinel: IPC Validation Security SftpUploadSchema (Path Traversal Protection) should accept absolute paths (System Integrity)","status":"passed","title":"should accept absolute paths (System Integrity)","duration":3.6956670000004124,"failureMessages":[],"meta":{}},{"ancestorTitles":["Sentinel: IPC Validation Security","SftpUploadSchema (Path Traversal Protection)"],"fullName":"Sentinel: IPC Validation Security SftpUploadSchema (Path Traversal Protection) should reject directory traversal in local path","status":"passed","title":"should reject directory traversal in local path","duration":0.45162500000014916,"failureMessages":[],"meta":{}},{"ancestorTitles":["Sentinel: IPC Validation Security","SftpUploadSchema (Path Traversal Protection)"],"fullName":"Sentinel: IPC Validation Security SftpUploadSchema (Path Traversal Protection) should reject directory traversal in remote path","status":"passed","title":"should reject directory traversal in remote path","duration":0.3502909999997428,"failureMessages":[],"meta":{}},{"ancestorTitles":["Sentinel: IPC Validation Security","validateSender (IPC Hijack Protection)"],"fullName":"Sentinel: IPC Validation Security validateSender (IPC Hijack Protection) should accept file:// URLs","status":"passed","title":"should accept file:// URLs","duration":0.3255829999998241,"failureMessages":[],"meta":{}},{"ancestorTitles":["Sentinel: IPC Validation Security","validateSender (IPC Hijack Protection)"],"fullName":"Sentinel: IPC Validation Security validateSender (IPC Hijack Protection) should accept Dev Server URL","status":"passed","title":"should accept Dev Server URL","duration":0.09141700000009223,"failureMessages":[],"meta":{}},{"ancestorTitles":["Sentinel: IPC Validation Security","validateSender (IPC Hijack Protection)"],"fullName":"Sentinel: IPC Validation Security validateSender (IPC Hijack Protection) should reject external URLs","status":"passed","title":"should reject external URLs","duration":0.11087500000030559,"failureMessages":[],"meta":{}},{"ancestorTitles":["Sentinel: IPC Validation Security","validateSender (IPC Hijack Protection)"],"fullName":"Sentinel: IPC Validation Security validateSender (IPC Hijack Protection) should reject empty/undefined URLs","status":"passed","title":"should reject empty/undefined URLs","duration":0.09833299999991141,"failureMessages":[],"meta":{}},{"ancestorTitles":["Sentinel: IPC Validation Security","validateSafeDistributionSource (LFI Prevention)"],"fullName":"Sentinel: IPC Validation Security validateSafeDistributionSource (LFI Prevention) should accept valid media files","status":"passed","title":"should accept valid media files","duration":0.6240830000001552,"failureMessages":[],"meta":{}},{"ancestorTitles":["Sentinel: IPC Validation Security","validateSafeDistributionSource (LFI Prevention)"],"fullName":"Sentinel: IPC Validation Security validateSafeDistributionSource (LFI Prevention) should reject system directories","status":"passed","title":"should reject system directories","duration":0.43470799999977316,"failureMessages":[],"meta":{}},{"ancestorTitles":["Sentinel: IPC Validation Security","validateSafeDistributionSource (LFI Prevention)"],"fullName":"Sentinel: IPC Validation Security validateSafeDistributionSource (LFI Prevention) should reject hidden files and directories","status":"passed","title":"should reject hidden files and directories","duration":0.4300419999999576,"failureMessages":[],"meta":{}},{"ancestorTitles":["Sentinel: IPC Validation Security","validateSafeDistributionSource (LFI Prevention)"],"fullName":"Sentinel: IPC Validation Security validateSafeDistributionSource (LFI Prevention) should reject prohibited extensions","status":"passed","title":"should reject prohibited extensions","duration":0.34933300000011513,"failureMessages":[],"meta":{}},{"ancestorTitles":["Sentinel: IPC Validation Security","validateSafeDistributionSource (LFI Prevention)"],"fullName":"Sentinel: IPC Validation Security validateSafeDistributionSource (LFI Prevention) should reject path traversal attempts","status":"passed","title":"should reject path traversal attempts","duration":0.18866699999989578,"failureMessages":[],"meta":{}}],"startTime":1773021898568,"endTime":1773021898676.1887,"status":"passed","message":"","name":"/Volumes/X SSD 2025/Users/narrowchannel/Desktop/indiiOS-Alpha-Electron/electron/security.test.ts"},{"assertionResults":[{"ancestorTitles":["ContextManager Loop Repro"],"fullName":"ContextManager Loop Repro should NOT infinite loop even with 0 token messages","status":"passed","title":"should NOT infinite loop even with 0 token messages","duration":3.79200000000003,"failureMessages":[],"meta":{}},{"ancestorTitles":["ContextManager Loop Repro"],"fullName":"ContextManager Loop Repro should NOT infinite loop with large number of messages","status":"passed","title":"should NOT infinite loop with large number of messages","duration":26.74537500000008,"failureMessages":[],"meta":{}}],"startTime":1773021922591,"endTime":1773021922620.7454,"status":"passed","message":"","name":"/Volumes/X SSD 2025/Users/narrowchannel/Desktop/indiiOS-Alpha-Electron/tests/repro_loop.test.ts"},{"assertionResults":[{"ancestorTitles":["VideoGenerationService"],"fullName":"VideoGenerationService should generate video with correct parameters","status":"passed","title":"should generate video with correct parameters","duration":92.71179200000006,"failureMessages":[],"meta":{}},{"ancestorTitles":["VideoGenerationService"],"fullName":"VideoGenerationService should generate long form video","status":"passed","title":"should generate long form video","duration":1.4939170000002377,"failureMessages":[],"meta":{}}],"startTime":1773021893091,"endTime":1773021893184.494,"status":"passed","message":"","name":"/Volumes/X SSD 2025/Users/narrowchannel/Desktop/indiiOS-Alpha-Electron/scripts/verify-ai.test.ts"},{"assertionResults":[{"ancestorTitles":["🛡️ Shield: Agent IPC Security Test"],"fullName":"🛡️ Shield: Agent IPC Security Test should BLOCK navigation to Localhost (SSRF)","status":"passed","title":"should BLOCK navigation to Localhost (SSRF)","duration":16.437000000000012,"failureMessages":[],"meta":{}},{"ancestorTitles":["🛡️ Shield: Agent IPC Security Test"],"fullName":"🛡️ Shield: Agent IPC Security Test should BLOCK navigation to Private IPs (127.0.0.1)","status":"passed","title":"should BLOCK navigation to Private IPs (127.0.0.1)","duration":5.24045799999999,"failureMessages":[],"meta":{}},{"ancestorTitles":["🛡️ Shield: Agent IPC Security Test"],"fullName":"🛡️ Shield: Agent IPC Security Test should BLOCK navigation to Cloud Metadata (AWS)","status":"passed","title":"should BLOCK navigation to Cloud Metadata (AWS)","duration":1.1432499999999663,"failureMessages":[],"meta":{}},{"ancestorTitles":["🛡️ Shield: Agent IPC Security Test"],"fullName":"🛡️ Shield: Agent IPC Security Test should BLOCK navigation to Domains resolving to Private IPs (DNS Rebinding)","status":"passed","title":"should BLOCK navigation to Domains resolving to Private IPs (DNS Rebinding)","duration":8.659958999999958,"failureMessages":[],"meta":{}},{"ancestorTitles":["🛡️ Shield: Agent IPC Security Test"],"fullName":"🛡️ Shield: Agent IPC Security Test should ALLOW navigation to Safe Public Domains","status":"passed","title":"should ALLOW navigation to Safe Public Domains","duration":3.9279999999999973,"failureMessages":[],"meta":{}},{"ancestorTitles":["🛡️ Shield: Agent IPC Security Test"],"fullName":"🛡️ Shield: Agent IPC Security Test should BLOCK malicious protocols (file://)","status":"passed","title":"should BLOCK malicious protocols (file://)","duration":0.3261249999999336,"failureMessages":[],"meta":{}}],"startTime":1773021887233,"endTime":1773021887273.3262,"status":"passed","message":"","name":"/Volumes/X SSD 2025/Users/narrowchannel/Desktop/indiiOS-Alpha-Electron/electron/handlers/agent_security.test.ts"},{"assertionResults":[{"ancestorTitles":["Vulnerability: Audio Handler Symlink Exploit"],"fullName":"Vulnerability: Audio Handler Symlink Exploit should BLOCK analyzing a symlink that points to a restricted file","status":"passed","title":"should BLOCK analyzing a symlink that points to a restricted file","duration":9.392459000000144,"failureMessages":[],"meta":{}}],"startTime":1773021912405,"endTime":1773021912414.3926,"status":"passed","message":"","name":"/Volumes/X SSD 2025/Users/narrowchannel/Desktop/indiiOS-Alpha-Electron/electron/handlers/audio.security.test.ts"},{"assertionResults":[{"ancestorTitles":["🛡️ Shield: Audio Analysis Security"],"fullName":"🛡️ Shield: Audio Analysis Security should BLOCK Path Traversal attempting to analyze system files","status":"passed","title":"should BLOCK Path Traversal attempting to analyze system files","duration":5.496208000000024,"failureMessages":[],"meta":{}},{"ancestorTitles":["🛡️ Shield: Audio Analysis Security"],"fullName":"🛡️ Shield: Audio Analysis Security should BLOCK Path Traversal with encoded characters (Basic)","status":"passed","title":"should BLOCK Path Traversal with encoded characters (Basic)","duration":1.3415829999999005,"failureMessages":[],"meta":{}},{"ancestorTitles":["🛡️ Shield: Audio Analysis Security"],"fullName":"🛡️ Shield: Audio Analysis Security should BLOCK unsupported file types (e.g. executables)","status":"passed","title":"should BLOCK unsupported file types (e.g. executables)","duration":1.7319159999999556,"failureMessages":[],"meta":{}},{"ancestorTitles":["🛡️ Shield: Audio Analysis Security"],"fullName":"🛡️ Shield: Audio Analysis Security should ALLOW valid audio files in safe paths","status":"passed","title":"should ALLOW valid audio files in safe paths","duration":0.9051660000000084,"failureMessages":[],"meta":{}},{"ancestorTitles":["🛡️ Shield: Audio Analysis Security"],"fullName":"🛡️ Shield: Audio Analysis Security should BLOCK execution from untrusted IPC sender (e.g. Web)","status":"passed","title":"should BLOCK execution from untrusted IPC sender (e.g. Web)","duration":0.8172080000000506,"failureMessages":[],"meta":{}}],"startTime":1773021886343,"endTime":1773021886353.8171,"status":"passed","message":"","name":"/Volumes/X SSD 2025/Users/narrowchannel/Desktop/indiiOS-Alpha-Electron/electron/handlers/audio_security.test.ts"},{"assertionResults":[{"ancestorTitles":["🛡️ Shield: Audio IPC Symlink Attack"],"fullName":"🛡️ Shield: Audio IPC Symlink Attack should DETECT and BLOCK symlinks pointing to system files (/etc/passwd)","status":"passed","title":"should DETECT and BLOCK symlinks pointing to system files (/etc/passwd)","duration":6.17470800000001,"failureMessages":[],"meta":{}},{"ancestorTitles":["🛡️ Shield: Audio IPC Symlink Attack"],"fullName":"🛡️ Shield: Audio IPC Symlink Attack should ALLOW safe files that are real paths","status":"passed","title":"should ALLOW safe files that are real paths","duration":1.4155419999999594,"failureMessages":[],"meta":{}}],"startTime":1773021880964,"endTime":1773021880971.4155,"status":"passed","message":"","name":"/Volumes/X SSD 2025/Users/narrowchannel/Desktop/indiiOS-Alpha-Electron/electron/handlers/audio_symlink.security.test.ts"},{"assertionResults":[{"ancestorTitles":["🛡️ Shield: Distribution Security Test"],"fullName":"🛡️ Shield: Distribution Security Test should BLOCK Path Traversal when staging files (Sandbox Escape)","status":"passed","title":"should BLOCK Path Traversal when staging files (Sandbox Escape)","duration":8.92345800000021,"failureMessages":[],"meta":{}},{"ancestorTitles":["🛡️ Shield: Distribution Security Test"],"fullName":"🛡️ Shield: Distribution Security Test should BLOCK Absolute Path Injection (Sandbox Escape)","status":"passed","title":"should BLOCK Absolute Path Injection (Sandbox Escape)","duration":0.9233749999998508,"failureMessages":[],"meta":{}},{"ancestorTitles":["🛡️ Shield: Distribution Security Test"],"fullName":"🛡️ Shield: Distribution Security Test should BLOCK LFI (Local File Inclusion) from system paths","status":"passed","title":"should BLOCK LFI (Local File Inclusion) from system paths","duration":1.8781249999997272,"failureMessages":[],"meta":{}},{"ancestorTitles":["🛡️ Shield: Distribution Security Test"],"fullName":"🛡️ Shield: Distribution Security Test should BLOCK Symlink Attack (Bypass via valid extension)","status":"passed","title":"should BLOCK Symlink Attack (Bypass via valid extension)","duration":1.1224580000002788,"failureMessages":[],"meta":{}},{"ancestorTitles":["🛡️ Shield: Distribution Security Test"],"fullName":"🛡️ Shield: Distribution Security Test should ALLOW safe file staging via path","status":"passed","title":"should ALLOW safe file staging via path","duration":0.5578749999999673,"failureMessages":[],"meta":{}},{"ancestorTitles":["🛡️ Shield: Distribution Security Test"],"fullName":"🛡️ Shield: Distribution Security Test should ALLOW safe file staging via content","status":"passed","title":"should ALLOW safe file staging via content","duration":0.6860000000001492,"failureMessages":[],"meta":{}},{"ancestorTitles":["🛡️ Shield: Distribution Security Test"],"fullName":"🛡️ Shield: Distribution Security Test should BLOCK Path Traversal in package-itmsp","status":"passed","title":"should BLOCK Path Traversal in package-itmsp","duration":0.3285000000000764,"failureMessages":[],"meta":{}}],"startTime":1773021893580,"endTime":1773021893594.686,"status":"passed","message":"","name":"/Volumes/X SSD 2025/Users/narrowchannel/Desktop/indiiOS-Alpha-Electron/electron/handlers/distribution.security.test.ts"},{"assertionResults":[{"ancestorTitles":["🛡️ Shield: Distribution PII Redaction"],"fullName":"🛡️ Shield: Distribution PII Redaction should redact sensitive metadata in generate-content-id-csv","status":"passed","title":"should redact sensitive metadata in generate-content-id-csv","duration":4.9122919999999795,"failureMessages":[],"meta":{}},{"ancestorTitles":["🛡️ Shield: Distribution PII Redaction"],"fullName":"🛡️ Shield: Distribution PII Redaction should redact sensitive metadata in generate-ddex","status":"passed","title":"should redact sensitive metadata in generate-ddex","duration":1.3121249999999236,"failureMessages":[],"meta":{}},{"ancestorTitles":["🛡️ Shield: Distribution PII Redaction"],"fullName":"🛡️ Shield: Distribution PII Redaction should redact sensitive data in generate-bwarm","status":"passed","title":"should redact sensitive data in generate-bwarm","duration":2.7552080000000387,"failureMessages":[],"meta":{}},{"ancestorTitles":["🛡️ Shield: Distribution PII Redaction"],"fullName":"🛡️ Shield: Distribution PII Redaction should redact sensitive metadata in check-merlin-status","status":"passed","title":"should redact sensitive metadata in check-merlin-status","duration":0.7022080000001552,"failureMessages":[],"meta":{}},{"ancestorTitles":["🛡️ Shield: Distribution PII Redaction"],"fullName":"🛡️ Shield: Distribution PII Redaction should redact sensitive metadata in register-release","status":"passed","title":"should redact sensitive metadata in register-release","duration":0.2998330000000351,"failureMessages":[],"meta":{}}],"startTime":1773021911461,"endTime":1773021911471.2998,"status":"passed","message":"","name":"/Volumes/X SSD 2025/Users/narrowchannel/Desktop/indiiOS-Alpha-Electron/electron/handlers/distribution_redaction.security.test.ts"},{"assertionResults":[{"ancestorTitles":["🛡️ Shield: Distribution Sandbox Escape Test"],"fullName":"🛡️ Shield: Distribution Sandbox Escape Test should BLOCK attempts to write files outside the staging directory (Path Traversal)","status":"passed","title":"should BLOCK attempts to write files outside the staging directory (Path Traversal)","duration":3.2026670000000195,"failureMessages":[],"meta":{}},{"ancestorTitles":["🛡️ Shield: Distribution Sandbox Escape Test"],"fullName":"🛡️ Shield: Distribution Sandbox Escape Test should BLOCK attempts to read sensitive system files (LFI)","status":"passed","title":"should BLOCK attempts to read sensitive system files (LFI)","duration":2.323166999999785,"failureMessages":[],"meta":{}},{"ancestorTitles":["🛡️ Shield: Distribution Sandbox Escape Test"],"fullName":"🛡️ Shield: Distribution Sandbox Escape Test should BLOCK attempts to read from hidden user directories (~/.ssh)","status":"passed","title":"should BLOCK attempts to read from hidden user directories (~/.ssh)","duration":0.5199999999999818,"failureMessages":[],"meta":{}},{"ancestorTitles":["🛡️ Shield: Distribution Sandbox Escape Test"],"fullName":"🛡️ Shield: Distribution Sandbox Escape Test should BLOCK Symlink attacks pointing to sensitive files","status":"passed","title":"should BLOCK Symlink attacks pointing to sensitive files","duration":0.30645899999990434,"failureMessages":[],"meta":{}},{"ancestorTitles":["🛡️ Shield: Distribution Sandbox Escape Test"],"fullName":"🛡️ Shield: Distribution Sandbox Escape Test should BLOCK files with dangerous extensions (.exe, .sh)","status":"passed","title":"should BLOCK files with dangerous extensions (.exe, .sh)","duration":0.3457090000001699,"failureMessages":[],"meta":{}},{"ancestorTitles":["🛡️ Shield: Distribution Sandbox Escape Test"],"fullName":"🛡️ Shield: Distribution Sandbox Escape Test should ALLOW valid operations to verify the test harness works","status":"passed","title":"should ALLOW valid operations to verify the test harness works","duration":0.6119580000001861,"failureMessages":[],"meta":{}}],"startTime":1773021912088,"endTime":1773021912095.612,"status":"passed","message":"","name":"/Volumes/X SSD 2025/Users/narrowchannel/Desktop/indiiOS-Alpha-Electron/electron/handlers/distribution_sandbox.security.test.ts"},{"assertionResults":[{"ancestorTitles":["🛡️ Shield: Distribution Security"],"fullName":"🛡️ Shield: Distribution Security should BLOCK execution of forensics on non-audio files","status":"passed","title":"should BLOCK execution of forensics on non-audio files","duration":10.060458000000153,"failureMessages":[],"meta":{}},{"ancestorTitles":["🛡️ Shield: Distribution Security"],"fullName":"🛡️ Shield: Distribution Security should BLOCK execution of forensics on system files","status":"passed","title":"should BLOCK execution of forensics on system files","duration":7.950708999999961,"failureMessages":[],"meta":{}}],"startTime":1773021877975,"endTime":1773021877992.9507,"status":"passed","message":"","name":"/Volumes/X SSD 2025/Users/narrowchannel/Desktop/indiiOS-Alpha-Electron/electron/handlers/distribution_security.test.ts"},{"assertionResults":[{"ancestorTitles":["🛡️ Shield: Distribution & SFTP SSRF Test"],"fullName":"🛡️ Shield: Distribution & SFTP SSRF Test should BLOCK distribution:transmit to localhost (SSRF Protection)","status":"passed","title":"should BLOCK distribution:transmit to localhost (SSRF Protection)","duration":2.556250000000091,"failureMessages":[],"meta":{}},{"ancestorTitles":["🛡️ Shield: Distribution & SFTP SSRF Test"],"fullName":"🛡️ Shield: Distribution & SFTP SSRF Test should BLOCK sftp:connect to localhost (SSRF Protection)","status":"passed","title":"should BLOCK sftp:connect to localhost (SSRF Protection)","duration":9.131332999999813,"failureMessages":[],"meta":{}},{"ancestorTitles":["🛡️ Shield: Distribution & SFTP SSRF Test"],"fullName":"🛡️ Shield: Distribution & SFTP SSRF Test should BLOCK sftp:connect to Metadata Service IP (SSRF Protection)","status":"passed","title":"should BLOCK sftp:connect to Metadata Service IP (SSRF Protection)","duration":0.6732080000001588,"failureMessages":[],"meta":{}}],"startTime":1773021904908,"endTime":1773021904920.673,"status":"passed","message":"","name":"/Volumes/X SSD 2025/Users/narrowchannel/Desktop/indiiOS-Alpha-Electron/electron/handlers/distribution_ssrf.security.test.ts"},{"assertionResults":[{"ancestorTitles":["Distribution Security - Argument Leakage"],"fullName":"Distribution Security - Argument Leakage leaks password in logs when passed as argument","status":"passed","title":"leaks password in logs when passed as argument","duration":14.334500000000162,"failureMessages":[],"meta":{}}],"startTime":1773021925155,"endTime":1773021925169.3345,"status":"passed","message":"","name":"/Volumes/X SSD 2025/Users/narrowchannel/Desktop/indiiOS-Alpha-Electron/electron/handlers/distribution_transmit.security.test.ts"},{"assertionResults":[{"ancestorTitles":["🛡️ Shield: Distribution Transmit Guardrails (IPC Bridge Safety)"],"fullName":"🛡️ Shield: Distribution Transmit Guardrails (IPC Bridge Safety) should BLOCK transmission of unauthorized files (AccessControl Bypass)","status":"passed","title":"should BLOCK transmission of unauthorized files (AccessControl Bypass)","duration":89.31829199999993,"failureMessages":[],"meta":{}},{"ancestorTitles":["🛡️ Shield: Distribution Transmit Guardrails (IPC Bridge Safety)"],"fullName":"🛡️ Shield: Distribution Transmit Guardrails (IPC Bridge Safety) should BLOCK transmission if KEY file is unauthorized","status":"passed","title":"should BLOCK transmission if KEY file is unauthorized","duration":19.140915999999834,"failureMessages":[],"meta":{}},{"ancestorTitles":["🛡️ Shield: Distribution Transmit Guardrails (IPC Bridge Safety)"],"fullName":"🛡️ Shield: Distribution Transmit Guardrails (IPC Bridge Safety) should ALLOW transmission of authorized files","status":"passed","title":"should ALLOW transmission of authorized files","duration":4.150875000000269,"failureMessages":[],"meta":{}}],"startTime":1773021894356,"endTime":1773021894468.151,"status":"passed","message":"","name":"/Volumes/X SSD 2025/Users/narrowchannel/Desktop/indiiOS-Alpha-Electron/electron/handlers/distribution_transmit_guardrails.security.test.ts"},{"assertionResults":[{"ancestorTitles":["🛡️ Shield: Network IPC Security (SSRF & Fuzzing)","IPC Fuzzer (Input Validation)"],"fullName":"🛡️ Shield: Network IPC Security (SSRF & Fuzzing) IPC Fuzzer (Input Validation) should REJECT null input","status":"passed","title":"should REJECT null input","duration":6.517499999999927,"failureMessages":[],"meta":{}},{"ancestorTitles":["🛡️ Shield: Network IPC Security (SSRF & Fuzzing)","IPC Fuzzer (Input Validation)"],"fullName":"🛡️ Shield: Network IPC Security (SSRF & Fuzzing) IPC Fuzzer (Input Validation) should REJECT undefined input","status":"passed","title":"should REJECT undefined input","duration":0.44000000000005457,"failureMessages":[],"meta":{}},{"ancestorTitles":["🛡️ Shield: Network IPC Security (SSRF & Fuzzing)","IPC Fuzzer (Input Validation)"],"fullName":"🛡️ Shield: Network IPC Security (SSRF & Fuzzing) IPC Fuzzer (Input Validation) should REJECT object input","status":"passed","title":"should REJECT object input","duration":0.5443749999999454,"failureMessages":[],"meta":{}},{"ancestorTitles":["🛡️ Shield: Network IPC Security (SSRF & Fuzzing)","IPC Fuzzer (Input Validation)"],"fullName":"🛡️ Shield: Network IPC Security (SSRF & Fuzzing) IPC Fuzzer (Input Validation) should REJECT empty string","status":"passed","title":"should REJECT empty string","duration":1.7179579999999532,"failureMessages":[],"meta":{}},{"ancestorTitles":["🛡️ Shield: Network IPC Security (SSRF & Fuzzing)","IPC Fuzzer (Input Validation)"],"fullName":"🛡️ Shield: Network IPC Security (SSRF & Fuzzing) IPC Fuzzer (Input Validation) should REJECT huge string (Buffer Overflow attempt)","status":"passed","title":"should REJECT huge string (Buffer Overflow attempt)","duration":1.3394580000001497,"failureMessages":[],"meta":{}},{"ancestorTitles":["🛡️ Shield: Network IPC Security (SSRF & Fuzzing)","SSRF Prevention (Sandbox Escape)"],"fullName":"🛡️ Shield: Network IPC Security (SSRF & Fuzzing) SSRF Prevention (Sandbox Escape) should BLOCK localhost access","status":"passed","title":"should BLOCK localhost access","duration":0.954332999999906,"failureMessages":[],"meta":{}},{"ancestorTitles":["🛡️ Shield: Network IPC Security (SSRF & Fuzzing)","SSRF Prevention (Sandbox Escape)"],"fullName":"🛡️ Shield: Network IPC Security (SSRF & Fuzzing) SSRF Prevention (Sandbox Escape) should BLOCK 127.0.0.1 access","status":"passed","title":"should BLOCK 127.0.0.1 access","duration":14.480291999999963,"failureMessages":[],"meta":{}},{"ancestorTitles":["🛡️ Shield: Network IPC Security (SSRF & Fuzzing)","SSRF Prevention (Sandbox Escape)"],"fullName":"🛡️ Shield: Network IPC Security (SSRF & Fuzzing) SSRF Prevention (Sandbox Escape) should BLOCK Cloud Metadata (AWS)","status":"passed","title":"should BLOCK Cloud Metadata (AWS)","duration":5.15320799999995,"failureMessages":[],"meta":{}},{"ancestorTitles":["🛡️ Shield: Network IPC Security (SSRF & Fuzzing)","SSRF Prevention (Sandbox Escape)"],"fullName":"🛡️ Shield: Network IPC Security (SSRF & Fuzzing) SSRF Prevention (Sandbox Escape) should BLOCK DNS Rebinding (Public Domain -> Private IP)","status":"passed","title":"should BLOCK DNS Rebinding (Public Domain -> Private IP)","duration":13.626417000000174,"failureMessages":[],"meta":{}},{"ancestorTitles":["🛡️ Shield: Network IPC Security (SSRF & Fuzzing)","SSRF Prevention (Sandbox Escape)"],"fullName":"🛡️ Shield: Network IPC Security (SSRF & Fuzzing) SSRF Prevention (Sandbox Escape) should ALLOW safe public domains","status":"passed","title":"should ALLOW safe public domains","duration":5.775667000000112,"failureMessages":[],"meta":{}},{"ancestorTitles":["🛡️ Shield: Network IPC Security (SSRF & Fuzzing)","Protocol Guard"],"fullName":"🛡️ Shield: Network IPC Security (SSRF & Fuzzing) Protocol Guard should BLOCK file:// protocol (Path Traversal)","status":"passed","title":"should BLOCK file:// protocol (Path Traversal)","duration":0.3968750000001364,"failureMessages":[],"meta":{}},{"ancestorTitles":["🛡️ Shield: Network IPC Security (SSRF & Fuzzing)","Protocol Guard"],"fullName":"🛡️ Shield: Network IPC Security (SSRF & Fuzzing) Protocol Guard should BLOCK ftp:// protocol","status":"passed","title":"should BLOCK ftp:// protocol","duration":0.19595800000001873,"failureMessages":[],"meta":{}}],"startTime":1773021871053,"endTime":1773021871105.196,"status":"passed","message":"","name":"/Volumes/X SSD 2025/Users/narrowchannel/Desktop/indiiOS-Alpha-Electron/electron/handlers/network.security.test.ts"},{"assertionResults":[{"ancestorTitles":["🛡️ Shield: SFTP Security Integration Test"],"fullName":"🛡️ Shield: SFTP Security Integration Test should BLOCK upload from unauthorized system directories (Sandbox Escape Attempt)","status":"passed","title":"should BLOCK upload from unauthorized system directories (Sandbox Escape Attempt)","duration":7.5267089999999826,"failureMessages":[],"meta":{}},{"ancestorTitles":["🛡️ Shield: SFTP Security Integration Test"],"fullName":"🛡️ Shield: SFTP Security Integration Test should BLOCK Path Traversal attempting to escape safe directory","status":"passed","title":"should BLOCK Path Traversal attempting to escape safe directory","duration":0.7522079999998823,"failureMessages":[],"meta":{}},{"ancestorTitles":["🛡️ Shield: SFTP Security Integration Test"],"fullName":"🛡️ Shield: SFTP Security Integration Test should ALLOW upload from authorized directories (e.g. tmpdir)","status":"passed","title":"should ALLOW upload from authorized directories (e.g. tmpdir)","duration":2.370292000000063,"failureMessages":[],"meta":{}},{"ancestorTitles":["🛡️ Shield: SFTP Security Integration Test"],"fullName":"🛡️ Shield: SFTP Security Integration Test should ALLOW upload from authorized directories (e.g. userData)","status":"passed","title":"should ALLOW upload from authorized directories (e.g. userData)","duration":0.9139579999998659,"failureMessages":[],"meta":{}},{"ancestorTitles":["🛡️ Shield: SFTP Security Integration Test"],"fullName":"🛡️ Shield: SFTP Security Integration Test should BLOCK execution from untrusted IPC sender","status":"passed","title":"should BLOCK execution from untrusted IPC sender","duration":1.1983329999998205,"failureMessages":[],"meta":{}}],"startTime":1773021915689,"endTime":1773021915701.1982,"status":"passed","message":"","name":"/Volumes/X SSD 2025/Users/narrowchannel/Desktop/indiiOS-Alpha-Electron/electron/handlers/sftp_security.test.ts"},{"assertionResults":[{"ancestorTitles":["🛡️ Shield: Video Handler Security Test","video:save-asset"],"fullName":"🛡️ Shield: Video Handler Security Test video:save-asset should validate sender","status":"passed","title":"should validate sender","duration":8.268166000000065,"failureMessages":[],"meta":{}},{"ancestorTitles":["🛡️ Shield: Video Handler Security Test","video:save-asset"],"fullName":"🛡️ Shield: Video Handler Security Test video:save-asset should block non-http/https URLs","status":"passed","title":"should block non-http/https URLs","duration":4.618249999999989,"failureMessages":[],"meta":{}},{"ancestorTitles":["🛡️ Shield: Video Handler Security Test","video:save-asset"],"fullName":"🛡️ Shield: Video Handler Security Test video:save-asset should block local IPs (SSRF prevention)","status":"passed","title":"should block local IPs (SSRF prevention)","duration":2.1231669999999667,"failureMessages":[],"meta":{}},{"ancestorTitles":["🛡️ Shield: Video Handler Security Test","video:save-asset"],"fullName":"🛡️ Shield: Video Handler Security Test video:save-asset should sanitize filename to prevent path traversal","status":"passed","title":"should sanitize filename to prevent path traversal","duration":1.006375000000162,"failureMessages":[],"meta":{}},{"ancestorTitles":["🛡️ Shield: Video Handler Security Test","video:open-folder"],"fullName":"🛡️ Shield: Video Handler Security Test video:open-folder should block path traversal outside asset directory","status":"passed","title":"should block path traversal outside asset directory","duration":1.2218330000000606,"failureMessages":[],"meta":{}}],"startTime":1773021888575,"endTime":1773021888592.222,"status":"passed","message":"","name":"/Volumes/X SSD 2025/Users/narrowchannel/Desktop/indiiOS-Alpha-Electron/electron/handlers/video.security.test.ts"},{"assertionResults":[{"ancestorTitles":["🛡️ Shield: Video Render Security Test"],"fullName":"🛡️ Shield: Video Render Security Test should BLOCK malicious output paths (Path Traversal)","status":"passed","title":"should BLOCK malicious output paths (Path Traversal)","duration":9.89149999999995,"failureMessages":[],"meta":{}},{"ancestorTitles":["🛡️ Shield: Video Render Security Test"],"fullName":"🛡️ Shield: Video Render Security Test should BLOCK unauthorized output locations via AccessControlService","status":"passed","title":"should BLOCK unauthorized output locations via AccessControlService","duration":1.3707500000000437,"failureMessages":[],"meta":{}},{"ancestorTitles":["🛡️ Shield: Video Render Security Test"],"fullName":"🛡️ Shield: Video Render Security Test should BLOCK disallowed extensions","status":"passed","title":"should BLOCK disallowed extensions","duration":1.9176250000000437,"failureMessages":[],"meta":{}},{"ancestorTitles":["🛡️ Shield: Video Render Security Test"],"fullName":"🛡️ Shield: Video Render Security Test should ALLOW valid output paths in IndiiOS folder","status":"passed","title":"should ALLOW valid output paths in IndiiOS folder","duration":24.19987500000002,"failureMessages":[],"meta":{}}],"startTime":1773021886204,"endTime":1773021886242.2,"status":"passed","message":"","name":"/Volumes/X SSD 2025/Users/narrowchannel/Desktop/indiiOS-Alpha-Electron/electron/handlers/video_render.security.test.ts"},{"assertionResults":[{"ancestorTitles":["📚 Keeper: Electron HistoryStore Resilience"],"fullName":"📚 Keeper: Electron HistoryStore Resilience should initialize without error despite corrupted file","status":"passed","title":"should initialize without error despite corrupted file","duration":0.48612500000001546,"failureMessages":[],"meta":{}},{"ancestorTitles":["📚 Keeper: Electron HistoryStore Resilience"],"fullName":"📚 Keeper: Electron HistoryStore Resilience should have reset to default empty state","status":"passed","title":"should have reset to default empty state","duration":0.2855000000000132,"failureMessages":[],"meta":{}},{"ancestorTitles":["📚 Keeper: Electron HistoryStore Resilience"],"fullName":"📚 Keeper: Electron HistoryStore Resilience should successfully save new data, overwriting corruption","status":"passed","title":"should successfully save new data, overwriting corruption","duration":1.0729579999999714,"failureMessages":[],"meta":{}}],"startTime":1773021887752,"endTime":1773021887754.073,"status":"passed","message":"","name":"/Volumes/X SSD 2025/Users/narrowchannel/Desktop/indiiOS-Alpha-Electron/electron/services/HistoryStore.resilience.test.ts"},{"assertionResults":[{"ancestorTitles":["📚 Keeper: Electron HistoryStore Persistence"],"fullName":"📚 Keeper: Electron HistoryStore Persistence should save session data to disk","status":"passed","title":"should save session data to disk","duration":2.4211669999999685,"failureMessages":[],"meta":{}},{"ancestorTitles":["📚 Keeper: Electron HistoryStore Persistence"],"fullName":"📚 Keeper: Electron HistoryStore Persistence should update existing session data correctly","status":"passed","title":"should update existing session data correctly","duration":1.1552500000000236,"failureMessages":[],"meta":{}},{"ancestorTitles":["📚 Keeper: Electron HistoryStore Persistence"],"fullName":"📚 Keeper: Electron HistoryStore Persistence should permanently delete session data (\"Privacy Scrub\")","status":"passed","title":"should permanently delete session data (\"Privacy Scrub\")","duration":0.900583000000097,"failureMessages":[],"meta":{}},{"ancestorTitles":["📚 Keeper: Electron HistoryStore Persistence"],"fullName":"📚 Keeper: Electron HistoryStore Persistence should persist data across \"Cold Boot\" (store re-instantiation)","status":"passed","title":"should persist data across \"Cold Boot\" (store re-instantiation)","duration":0.43325000000004366,"failureMessages":[],"meta":{}}],"startTime":1773021885449,"endTime":1773021885454.4333,"status":"passed","message":"","name":"/Volumes/X SSD 2025/Users/narrowchannel/Desktop/indiiOS-Alpha-Electron/electron/services/HistoryStore.test.ts"},{"assertionResults":[{"ancestorTitles":["AccessControlService"],"fullName":"AccessControlService should deny arbitrary paths by default","status":"passed","title":"should deny arbitrary paths by default","duration":5.514415999999983,"failureMessages":[],"meta":{}},{"ancestorTitles":["AccessControlService"],"fullName":"AccessControlService should allow paths in userData","status":"passed","title":"should allow paths in userData","duration":0.17220900000006623,"failureMessages":[],"meta":{}},{"ancestorTitles":["AccessControlService"],"fullName":"AccessControlService should allow paths in tmpdir","status":"passed","title":"should allow paths in tmpdir","duration":0.08095800000000963,"failureMessages":[],"meta":{}},{"ancestorTitles":["AccessControlService"],"fullName":"AccessControlService should allow paths in Documents/IndiiOS","status":"passed","title":"should allow paths in Documents/IndiiOS","duration":0.08454200000005585,"failureMessages":[],"meta":{}},{"ancestorTitles":["AccessControlService"],"fullName":"AccessControlService should deny paths in Documents outside IndiiOS","status":"passed","title":"should deny paths in Documents outside IndiiOS","duration":0.13049999999998363,"failureMessages":[],"meta":{}},{"ancestorTitles":["AccessControlService"],"fullName":"AccessControlService should allow explicitly granted files","status":"passed","title":"should allow explicitly granted files","duration":0.10454200000003766,"failureMessages":[],"meta":{}},{"ancestorTitles":["AccessControlService"],"fullName":"AccessControlService should allow files in explicitly granted directories","status":"passed","title":"should allow files in explicitly granted directories","duration":0.07662499999992178,"failureMessages":[],"meta":{}},{"ancestorTitles":["AccessControlService"],"fullName":"AccessControlService should deny files that do not exist (realpath failure)","status":"passed","title":"should deny files that do not exist (realpath failure)","duration":0.25341600000001563,"failureMessages":[],"meta":{}}],"startTime":1773021888550,"endTime":1773021888556.2534,"status":"passed","message":"","name":"/Volumes/X SSD 2025/Users/narrowchannel/Desktop/indiiOS-Alpha-Electron/electron/security/AccessControl.test.ts"},{"assertionResults":[{"ancestorTitles":["Shield 🛡️: Audio Path Validation Security"],"fullName":"Shield 🛡️: Audio Path Validation Security should allow valid, safe audio files","status":"passed","title":"should allow valid, safe audio files","duration":128.76037500000007,"failureMessages":[],"meta":{}},{"ancestorTitles":["Shield 🛡️: Audio Path Validation Security"],"fullName":"Shield 🛡️: Audio Path Validation Security should BLOCK Path Traversal attempts resolving to system files","status":"passed","title":"should BLOCK Path Traversal attempts resolving to system files","duration":0.7358750000000782,"failureMessages":[],"meta":{}},{"ancestorTitles":["Shield 🛡️: Audio Path Validation Security"],"fullName":"Shield 🛡️: Audio Path Validation Security should BLOCK Symlink Attacks pointing to sensitive files","status":"passed","title":"should BLOCK Symlink Attacks pointing to sensitive files","duration":2.3772089999999935,"failureMessages":[],"meta":{}},{"ancestorTitles":["Shield 🛡️: Audio Path Validation Security"],"fullName":"Shield 🛡️: Audio Path Validation Security should BLOCK hidden files (dotfiles)","status":"passed","title":"should BLOCK hidden files (dotfiles)","duration":1.270667000000003,"failureMessages":[],"meta":{}},{"ancestorTitles":["Shield 🛡️: Audio Path Validation Security"],"fullName":"Shield 🛡️: Audio Path Validation Security should BLOCK hidden directories","status":"passed","title":"should BLOCK hidden directories","duration":0.31224999999994907,"failureMessages":[],"meta":{}},{"ancestorTitles":["Shield 🛡️: Audio Path Validation Security"],"fullName":"Shield 🛡️: Audio Path Validation Security should BLOCK forbidden extensions (Spoofing)","status":"passed","title":"should BLOCK forbidden extensions (Spoofing)","duration":0.14545899999984613,"failureMessages":[],"meta":{}},{"ancestorTitles":["Shield 🛡️: Audio Path Validation Security"],"fullName":"Shield 🛡️: Audio Path Validation Security should BLOCK shell scripts","status":"passed","title":"should BLOCK shell scripts","duration":0.12362500000017462,"failureMessages":[],"meta":{}},{"ancestorTitles":["Shield 🛡️: Audio Path Validation Security"],"fullName":"Shield 🛡️: Audio Path Validation Security should BLOCK non-existent files (Information Disclosure prevention)","status":"passed","title":"should BLOCK non-existent files (Information Disclosure prevention)","duration":0.8619579999999587,"failureMessages":[],"meta":{}},{"ancestorTitles":["Shield 🛡️: Audio Path Validation Security"],"fullName":"Shield 🛡️: Audio Path Validation Security should BLOCK System Roots","status":"passed","title":"should BLOCK System Roots","duration":0.2029170000000704,"failureMessages":[],"meta":{}}],"startTime":1773021915259,"endTime":1773021915394.203,"status":"passed","message":"","name":"/Volumes/X SSD 2025/Users/narrowchannel/Desktop/indiiOS-Alpha-Electron/electron/utils/file-security.test.ts"},{"assertionResults":[{"ancestorTitles":["Sentinel: IPC Validation Security","validateSender (IPC Hijack Protection)"],"fullName":"Sentinel: IPC Validation Security validateSender (IPC Hijack Protection) should accept file:// URLs inside app bundle (Production)","status":"passed","title":"should accept file:// URLs inside app bundle (Production)","duration":3.266208000000006,"failureMessages":[],"meta":{}},{"ancestorTitles":["Sentinel: IPC Validation Security","validateSender (IPC Hijack Protection)"],"fullName":"Sentinel: IPC Validation Security validateSender (IPC Hijack Protection) should REJECT file:// URLs outside app bundle (Vulnerability Fix)","status":"passed","title":"should REJECT file:// URLs outside app bundle (Vulnerability Fix)","duration":1.5263750000001437,"failureMessages":[],"meta":{}},{"ancestorTitles":["Sentinel: IPC Validation Security","validateSender (IPC Hijack Protection)"],"fullName":"Sentinel: IPC Validation Security validateSender (IPC Hijack Protection) should accept indii-os:// URLs (Deep Links)","status":"passed","title":"should accept indii-os:// URLs (Deep Links)","duration":0.9352499999999964,"failureMessages":[],"meta":{}},{"ancestorTitles":["Sentinel: IPC Validation Security","validateSender (IPC Hijack Protection)"],"fullName":"Sentinel: IPC Validation Security validateSender (IPC Hijack Protection) should accept Dev Server URL when configured","status":"passed","title":"should accept Dev Server URL when configured","duration":0.6842079999998987,"failureMessages":[],"meta":{}},{"ancestorTitles":["Sentinel: IPC Validation Security","validateSender (IPC Hijack Protection)"],"fullName":"Sentinel: IPC Validation Security validateSender (IPC Hijack Protection) should REJECT Dev Server URL when NOT configured","status":"passed","title":"should REJECT Dev Server URL when NOT configured","duration":1.5405839999998534,"failureMessages":[],"meta":{}},{"ancestorTitles":["Sentinel: IPC Validation Security","validateSender (IPC Hijack Protection)"],"fullName":"Sentinel: IPC Validation Security validateSender (IPC Hijack Protection) should REJECT arbitrary HTTP URLs","status":"passed","title":"should REJECT arbitrary HTTP URLs","duration":0.5305419999999685,"failureMessages":[],"meta":{}},{"ancestorTitles":["Sentinel: IPC Validation Security","validateSender (IPC Hijack Protection)"],"fullName":"Sentinel: IPC Validation Security validateSender (IPC Hijack Protection) should REJECT arbitrary HTTPS URLs","status":"passed","title":"should REJECT arbitrary HTTPS URLs","duration":0.4471249999999145,"failureMessages":[],"meta":{}},{"ancestorTitles":["Sentinel: IPC Validation Security","validateSender (IPC Hijack Protection)"],"fullName":"Sentinel: IPC Validation Security validateSender (IPC Hijack Protection) should REJECT URLs that merely start with the dev URL but are different domains (Prefix Attack)","status":"passed","title":"should REJECT URLs that merely start with the dev URL but are different domains (Prefix Attack)","duration":0.3651669999999285,"failureMessages":[],"meta":{}},{"ancestorTitles":["Sentinel: IPC Validation Security","validateSender (IPC Hijack Protection)"],"fullName":"Sentinel: IPC Validation Security validateSender (IPC Hijack Protection) should reject empty/undefined URLs","status":"passed","title":"should reject empty/undefined URLs","duration":0.2731250000001637,"failureMessages":[],"meta":{}}],"startTime":1773021907235,"endTime":1773021907244.447,"status":"passed","message":"","name":"/Volumes/X SSD 2025/Users/narrowchannel/Desktop/indiiOS-Alpha-Electron/electron/utils/ipc-security.test.ts"},{"assertionResults":[{"ancestorTitles":["PythonBridge Security"],"fullName":"PythonBridge Security should pass environment variables to spawn","status":"passed","title":"should pass environment variables to spawn","duration":13.317332999999962,"failureMessages":[],"meta":{}},{"ancestorTitles":["PythonBridge Security"],"fullName":"PythonBridge Security should redact sensitive arguments in console logs","status":"passed","title":"should redact sensitive arguments in console logs","duration":11.764833000000067,"failureMessages":[],"meta":{}}],"startTime":1773021886329,"endTime":1773021886354.765,"status":"passed","message":"","name":"/Volumes/X SSD 2025/Users/narrowchannel/Desktop/indiiOS-Alpha-Electron/electron/utils/python-bridge.test.ts"},{"assertionResults":[{"ancestorTitles":["🛡️ Security Checks Utils"],"fullName":"🛡️ Security Checks Utils should allow safe files","status":"passed","title":"should allow safe files","duration":2.550083000000086,"failureMessages":[],"meta":{}},{"ancestorTitles":["🛡️ Security Checks Utils"],"fullName":"🛡️ Security Checks Utils should block symlinks to system files (LFI Protection)","status":"passed","title":"should block symlinks to system files (LFI Protection)","duration":48.894791999999825,"failureMessages":[],"meta":{}},{"ancestorTitles":["🛡️ Security Checks Utils"],"fullName":"🛡️ Security Checks Utils should block resolved path with invalid extension","status":"passed","title":"should block resolved path with invalid extension","duration":3.994166999999834,"failureMessages":[],"meta":{}},{"ancestorTitles":["🛡️ Security Checks Utils"],"fullName":"🛡️ Security Checks Utils should block system directories even if resolved path has valid extension","status":"passed","title":"should block system directories even if resolved path has valid extension","duration":5.35349999999994,"failureMessages":[],"meta":{}},{"ancestorTitles":["🛡️ Security Checks Utils"],"fullName":"🛡️ Security Checks Utils should block private keys by default but allow them with option","status":"passed","title":"should block private keys by default but allow them with option","duration":1.312541999999894,"failureMessages":[],"meta":{}}],"startTime":1773021923883,"endTime":1773021923946.3125,"status":"passed","message":"","name":"/Volumes/X SSD 2025/Users/narrowchannel/Desktop/indiiOS-Alpha-Electron/electron/utils/security-checks.test.ts"},{"assertionResults":[{"ancestorTitles":["Electron Validation Schemas","FetchUrlSchema (SSRF Protection)"],"fullName":"Electron Validation Schemas FetchUrlSchema (SSRF Protection) should allow public https urls","status":"passed","title":"should allow public https urls","duration":14.36566700000003,"failureMessages":[],"meta":{}},{"ancestorTitles":["Electron Validation Schemas","FetchUrlSchema (SSRF Protection)"],"fullName":"Electron Validation Schemas FetchUrlSchema (SSRF Protection) should block non-http protocols","status":"passed","title":"should block non-http protocols","duration":7.676667000000009,"failureMessages":[],"meta":{}},{"ancestorTitles":["Electron Validation Schemas","FetchUrlSchema (SSRF Protection)"],"fullName":"Electron Validation Schemas FetchUrlSchema (SSRF Protection) should block localhost and private IPs","status":"passed","title":"should block localhost and private IPs","duration":1.1952079999999796,"failureMessages":[],"meta":{}},{"ancestorTitles":["Electron Validation Schemas","FetchUrlSchema (SSRF Protection)"],"fullName":"Electron Validation Schemas FetchUrlSchema (SSRF Protection) should block trickery","status":"passed","title":"should block trickery","duration":1.6771669999999972,"failureMessages":[],"meta":{}},{"ancestorTitles":["Electron Validation Schemas","AgentActionSchema"],"fullName":"Electron Validation Schemas AgentActionSchema should validate allowed actions","status":"passed","title":"should validate allowed actions","duration":1.1522079999999733,"failureMessages":[],"meta":{}},{"ancestorTitles":["Electron Validation Schemas","AgentActionSchema"],"fullName":"Electron Validation Schemas AgentActionSchema should reject invalid actions","status":"passed","title":"should reject invalid actions","duration":0.6166249999999991,"failureMessages":[],"meta":{}},{"ancestorTitles":["Electron Validation Schemas","SFTPConfigSchema"],"fullName":"Electron Validation Schemas SFTPConfigSchema should require either password or privateKey","status":"passed","title":"should require either password or privateKey","duration":0.5845410000000015,"failureMessages":[],"meta":{}},{"ancestorTitles":["Electron Validation Schemas","AudioAnalyzeSchema"],"fullName":"Electron Validation Schemas AudioAnalyzeSchema should allow valid audio extensions","status":"passed","title":"should allow valid audio extensions","duration":0.16654099999999517,"failureMessages":[],"meta":{}},{"ancestorTitles":["Electron Validation Schemas","AudioAnalyzeSchema"],"fullName":"Electron Validation Schemas AudioAnalyzeSchema should block traversal","status":"passed","title":"should block traversal","duration":0.0845000000000482,"failureMessages":[],"meta":{}},{"ancestorTitles":["Electron Validation Schemas","AudioAnalyzeSchema"],"fullName":"Electron Validation Schemas AudioAnalyzeSchema should block invalid extensions","status":"passed","title":"should block invalid extensions","duration":0.107291000000032,"failureMessages":[],"meta":{}}],"startTime":1773021888396,"endTime":1773021888424.1665,"status":"passed","message":"","name":"/Volumes/X SSD 2025/Users/narrowchannel/Desktop/indiiOS-Alpha-Electron/electron/utils/validation.test.ts"},{"assertionResults":[{"ancestorTitles":["Mobile Experience Integration","Mobile Navigation"],"fullName":"Mobile Experience Integration Mobile Navigation should render FAB button initially","status":"passed","title":"should render FAB button initially","duration":26.465541999999914,"failureMessages":[],"meta":{}},{"ancestorTitles":["Mobile Experience Integration","Mobile Navigation"],"fullName":"Mobile Experience Integration Mobile Navigation should not render drawer initially","status":"passed","title":"should not render drawer initially","duration":4.560958999999912,"failureMessages":[],"meta":{}},{"ancestorTitles":["Mobile Experience Integration","Mobile Navigation"],"fullName":"Mobile Experience Integration Mobile Navigation should trigger haptic feedback on FAB press","status":"passed","title":"should trigger haptic feedback on FAB press","duration":38.08545800000002,"failureMessages":[],"meta":{}},{"ancestorTitles":["Mobile Experience Integration","Mobile Navigation"],"fullName":"Mobile Experience Integration Mobile Navigation should open drawer when FAB is pressed","status":"passed","title":"should open drawer when FAB is pressed","duration":23.090875000000096,"failureMessages":[],"meta":{}},{"ancestorTitles":["Mobile Experience Integration","Mobile Navigation"],"fullName":"Mobile Experience Integration Mobile Navigation should show navigation sections in drawer","status":"passed","title":"should show navigation sections in drawer","duration":22.354540999999926,"failureMessages":[],"meta":{}},{"ancestorTitles":["Mobile Experience Integration","Mobile Navigation"],"fullName":"Mobile Experience Integration Mobile Navigation should close drawer on backdrop click","status":"passed","title":"should close drawer on backdrop click","duration":47.981915999999956,"failureMessages":[],"meta":{}},{"ancestorTitles":["Mobile Experience Integration","Mobile Navigation"],"fullName":"Mobile Experience Integration Mobile Navigation should change module and close drawer on item click","status":"passed","title":"should change module and close drawer on item click","duration":562.4850839999999,"failureMessages":[],"meta":{}},{"ancestorTitles":["Mobile Experience Integration","Touch Target Accessibility"],"fullName":"Mobile Experience Integration Touch Target Accessibility should have accessible FAB","status":"passed","title":"should have accessible FAB","duration":5.366083000000117,"failureMessages":[],"meta":{}},{"ancestorTitles":["Mobile Experience Integration","Mobile Responsiveness"],"fullName":"Mobile Experience Integration Mobile Responsiveness should be hidden on desktop (md: breakpoint)","status":"passed","title":"should be hidden on desktop (md: breakpoint)","duration":2.91274999999996,"failureMessages":[],"meta":{}}],"startTime":1773021836133,"endTime":1773021836866.9128,"status":"passed","message":"","name":"/Volumes/X SSD 2025/Users/narrowchannel/Desktop/indiiOS-Alpha-Electron/src/__tests__/mobile-integration.test.tsx"},{"assertionResults":[{"ancestorTitles":["Environment Configuration"],"fullName":"Environment Configuration should prioritize environment variables for Firebase API Key","status":"passed","title":"should prioritize environment variables for Firebase API Key","duration":389.76145899999983,"failureMessages":[],"meta":{}}],"startTime":1773021839475,"endTime":1773021839864.7615,"status":"passed","message":"","name":"/Volumes/X SSD 2025/Users/narrowchannel/Desktop/indiiOS-Alpha-Electron/src/config/env.test.ts"},{"assertionResults":[{"ancestorTitles":["PWAInstallPrompt"],"fullName":"PWAInstallPrompt should not render if already in standalone mode","status":"passed","title":"should not render if already in standalone mode","duration":26.80141700000013,"failureMessages":[],"meta":{}},{"ancestorTitles":["PWAInstallPrompt"],"fullName":"PWAInstallPrompt should not render if cannot install","status":"passed","title":"should not render if cannot install","duration":1.6911670000001777,"failureMessages":[],"meta":{}},{"ancestorTitles":["PWAInstallPrompt"],"fullName":"PWAInstallPrompt should not render if dismissed within 7 days","status":"passed","title":"should not render if dismissed within 7 days","duration":1.4547079999999823,"failureMessages":[],"meta":{}},{"ancestorTitles":["PWAInstallPrompt"],"fullName":"PWAInstallPrompt should render if can install and not dismissed","status":"passed","title":"should render if can install and not dismissed","duration":59.81070799999998,"failureMessages":[],"meta":{}},{"ancestorTitles":["PWAInstallPrompt"],"fullName":"PWAInstallPrompt should call showPWAInstall when install button is clicked","status":"passed","title":"should call showPWAInstall when install button is clicked","duration":17.97179200000005,"failureMessages":[],"meta":{}},{"ancestorTitles":["PWAInstallPrompt"],"fullName":"PWAInstallPrompt should trigger success haptic when install is accepted","status":"passed","title":"should trigger success haptic when install is accepted","duration":4.458041999999978,"failureMessages":[],"meta":{}},{"ancestorTitles":["PWAInstallPrompt"],"fullName":"PWAInstallPrompt should dismiss and save to localStorage when dismiss button is clicked","status":"passed","title":"should dismiss and save to localStorage when dismiss button is clicked","duration":6.735292000000072,"failureMessages":[],"meta":{}},{"ancestorTitles":["PWAInstallPrompt"],"fullName":"PWAInstallPrompt should initialize PWA install on mount","status":"passed","title":"should initialize PWA install on mount","duration":2.3554169999999885,"failureMessages":[],"meta":{}}],"startTime":1773021871346,"endTime":1773021871467.3555,"status":"passed","message":"","name":"/Volumes/X SSD 2025/Users/narrowchannel/Desktop/indiiOS-Alpha-Electron/src/components/PWAInstallPrompt.test.tsx"},{"assertionResults":[{"ancestorTitles":["useAutoResizeTextarea"],"fullName":"useAutoResizeTextarea should set initial height to minHeight","status":"passed","title":"should set initial height to minHeight","duration":47.283292000000074,"failureMessages":[],"meta":{}},{"ancestorTitles":["useAutoResizeTextarea"],"fullName":"useAutoResizeTextarea should adjust height on resize event (debounced)","status":"passed","title":"should adjust height on resize event (debounced)","duration":2.728541999999834,"failureMessages":[],"meta":{}},{"ancestorTitles":["useAutoResizeTextarea"],"fullName":"useAutoResizeTextarea should respect maxHeight","status":"passed","title":"should respect maxHeight","duration":2.0357500000000073,"failureMessages":[],"meta":{}}],"startTime":1773021872064,"endTime":1773021872116.0356,"status":"passed","message":"","name":"/Volumes/X SSD 2025/Users/narrowchannel/Desktop/indiiOS-Alpha-Electron/src/hooks/use-auto-resize-textarea.test.tsx"},{"assertionResults":[{"ancestorTitles":["useURLSync"],"fullName":"useURLSync updates store when URL changes (Deep Link)","status":"passed","title":"updates store when URL changes (Deep Link)","duration":14.536542000000054,"failureMessages":[],"meta":{}},{"ancestorTitles":["useURLSync"],"fullName":"useURLSync updates URL when store changes (Navigation)","status":"passed","title":"updates URL when store changes (Navigation)","duration":2.113749999999982,"failureMessages":[],"meta":{}},{"ancestorTitles":["useURLSync"],"fullName":"useURLSync does not update URL if already matching","status":"passed","title":"does not update URL if already matching","duration":3.192874999999958,"failureMessages":[],"meta":{}},{"ancestorTitles":["useURLSync"],"fullName":"useURLSync does not update store if module is invalid","status":"passed","title":"does not update store if module is invalid","duration":1.6106669999999212,"failureMessages":[],"meta":{}}],"startTime":1773021885569,"endTime":1773021885590.6106,"status":"passed","message":"","name":"/Volumes/X SSD 2025/Users/narrowchannel/Desktop/indiiOS-Alpha-Electron/src/hooks/useURLSync.test.ts"},{"assertionResults":[{"ancestorTitles":["Mobile Utilities","Haptic Feedback"],"fullName":"Mobile Utilities Haptic Feedback should call vibrate with correct pattern for light haptic","status":"passed","title":"should call vibrate with correct pattern for light haptic","duration":3.6537499999999454,"failureMessages":[],"meta":{}},{"ancestorTitles":["Mobile Utilities","Haptic Feedback"],"fullName":"Mobile Utilities Haptic Feedback should call vibrate with correct pattern for medium haptic","status":"passed","title":"should call vibrate with correct pattern for medium haptic","duration":0.24329200000011042,"failureMessages":[],"meta":{}},{"ancestorTitles":["Mobile Utilities","Haptic Feedback"],"fullName":"Mobile Utilities Haptic Feedback should call vibrate with correct pattern for heavy haptic","status":"passed","title":"should call vibrate with correct pattern for heavy haptic","duration":0.5985000000000582,"failureMessages":[],"meta":{}},{"ancestorTitles":["Mobile Utilities","Haptic Feedback"],"fullName":"Mobile Utilities Haptic Feedback should call vibrate with correct pattern for success haptic","status":"passed","title":"should call vibrate with correct pattern for success haptic","duration":0.43458400000008623,"failureMessages":[],"meta":{}},{"ancestorTitles":["Mobile Utilities","Haptic Feedback"],"fullName":"Mobile Utilities Haptic Feedback should call vibrate with correct pattern for warning haptic","status":"passed","title":"should call vibrate with correct pattern for warning haptic","duration":0.3710839999998825,"failureMessages":[],"meta":{}},{"ancestorTitles":["Mobile Utilities","Haptic Feedback"],"fullName":"Mobile Utilities Haptic Feedback should call vibrate with correct pattern for error haptic","status":"passed","title":"should call vibrate with correct pattern for error haptic","duration":0.3455829999998059,"failureMessages":[],"meta":{}},{"ancestorTitles":["Mobile Utilities","Haptic Feedback"],"fullName":"Mobile Utilities Haptic Feedback should not throw if vibrate is not supported","status":"passed","title":"should not throw if vibrate is not supported","duration":1.4459579999997914,"failureMessages":[],"meta":{}},{"ancestorTitles":["Mobile Utilities","Device Detection"],"fullName":"Mobile Utilities Device Detection should detect mobile devices","status":"passed","title":"should detect mobile devices","duration":0.5126669999999649,"failureMessages":[],"meta":{}},{"ancestorTitles":["Mobile Utilities","Device Detection"],"fullName":"Mobile Utilities Device Detection should detect iOS devices","status":"passed","title":"should detect iOS devices","duration":2.5106660000001284,"failureMessages":[],"meta":{}},{"ancestorTitles":["Mobile Utilities","Device Detection"],"fullName":"Mobile Utilities Device Detection should detect Android devices","status":"passed","title":"should detect Android devices","duration":0.650333000000046,"failureMessages":[],"meta":{}},{"ancestorTitles":["Mobile Utilities","Device Detection"],"fullName":"Mobile Utilities Device Detection should detect desktop devices","status":"passed","title":"should detect desktop devices","duration":1.7397080000000642,"failureMessages":[],"meta":{}},{"ancestorTitles":["Mobile Utilities","Device Detection"],"fullName":"Mobile Utilities Device Detection should detect standalone mode","status":"passed","title":"should detect standalone mode","duration":0.5594999999998436,"failureMessages":[],"meta":{}},{"ancestorTitles":["Mobile Utilities","Native Share"],"fullName":"Mobile Utilities Native Share should return true if share is supported","status":"passed","title":"should return true if share is supported","duration":0.47508300000026793,"failureMessages":[],"meta":{}},{"ancestorTitles":["Mobile Utilities","Native Share"],"fullName":"Mobile Utilities Native Share should return false if share is not supported","status":"passed","title":"should return false if share is not supported","duration":0.13108299999976225,"failureMessages":[],"meta":{}},{"ancestorTitles":["Mobile Utilities","Native Share"],"fullName":"Mobile Utilities Native Share should check specific data if provided","status":"passed","title":"should check specific data if provided","duration":0.6131669999999758,"failureMessages":[],"meta":{}},{"ancestorTitles":["Mobile Utilities","Network Status"],"fullName":"Mobile Utilities Network Status should return true if online","status":"passed","title":"should return true if online","duration":0.2792500000000473,"failureMessages":[],"meta":{}},{"ancestorTitles":["Mobile Utilities","Network Status"],"fullName":"Mobile Utilities Network Status should return false if offline","status":"passed","title":"should return false if offline","duration":0.45125000000007276,"failureMessages":[],"meta":{}}],"startTime":1773021907958,"endTime":1773021907974.4512,"status":"passed","message":"","name":"/Volumes/X SSD 2025/Users/narrowchannel/Desktop/indiiOS-Alpha-Electron/src/lib/mobile.test.ts"},{"assertionResults":[{"ancestorTitles":["Ledger's Cost Circuit Breaker"],"fullName":"Ledger's Cost Circuit Breaker activates the Kill Switch when Free Tier quota is breached","status":"passed","title":"activates the Kill Switch when Free Tier quota is breached","duration":10.109540999999808,"failureMessages":[],"meta":{}},{"ancestorTitles":["Ledger's Cost Circuit Breaker"],"fullName":"Ledger's Cost Circuit Breaker injects \"Fake High Usage\" metadata to test the Stop switch","status":"passed","title":"injects \"Fake High Usage\" metadata to test the Stop switch","duration":0.42966599999999744,"failureMessages":[],"meta":{}},{"ancestorTitles":["Ledger's Cost Circuit Breaker"],"fullName":"Ledger's Cost Circuit Breaker enforces the $1.00 Hard Limit on daily spend","status":"passed","title":"enforces the $1.00 Hard Limit on daily spend","duration":0.3994159999997464,"failureMessages":[],"meta":{}}],"startTime":1773021910154,"endTime":1773021910165.4297,"status":"passed","message":"","name":"/Volumes/X SSD 2025/Users/narrowchannel/Desktop/indiiOS-Alpha-Electron/src/services/CostCircuitBreaker.test.ts"},{"assertionResults":[{"ancestorTitles":["FileSystemService Performance"],"fullName":"FileSystemService Performance deleteFolderRecursive performs batched deletes (optimized)","status":"passed","title":"deleteFolderRecursive performs batched deletes (optimized)","duration":2.357417000000055,"failureMessages":[],"meta":{}}],"startTime":1773021928565,"endTime":1773021928567.3574,"status":"passed","message":"","name":"/Volumes/X SSD 2025/Users/narrowchannel/Desktop/indiiOS-Alpha-Electron/src/services/FileSystemService.test.ts"},{"assertionResults":[{"ancestorTitles":["MembershipService (Ledger Budget Checks)"],"fullName":"MembershipService (Ledger Budget Checks) 💸 halts execution exactly when the $1.00 Hard Limit is breached","status":"passed","title":"💸 halts execution exactly when the $1.00 Hard Limit is breached","duration":7.250957999999628,"failureMessages":[],"meta":{}},{"ancestorTitles":["MembershipService (Ledger Budget Checks)"],"fullName":"MembershipService (Ledger Budget Checks) 💸 blocks a single \"High Cost\" operation that exceeds remaining budget","status":"passed","title":"💸 blocks a single \"High Cost\" operation that exceeds remaining budget","duration":0.2574170000002596,"failureMessages":[],"meta":{}},{"ancestorTitles":["MembershipService (Ledger Budget Checks)"],"fullName":"MembershipService (Ledger Budget Checks) 💸 resets budget availability when a new day starts (Quota Reset)","status":"passed","title":"💸 resets budget availability when a new day starts (Quota Reset)","duration":0.12158299999964584,"failureMessages":[],"meta":{}},{"ancestorTitles":["MembershipService (Ledger Budget Checks)"],"fullName":"MembershipService (Ledger Budget Checks) 💸 verifies \"Wallet\" logic: Credits are deducted correctly in estimation","status":"passed","title":"💸 verifies \"Wallet\" logic: Credits are deducted correctly in estimation","duration":0.1377079999997477,"failureMessages":[],"meta":{}}],"startTime":1773021896237,"endTime":1773021896244.2573,"status":"passed","message":"","name":"/Volumes/X SSD 2025/Users/narrowchannel/Desktop/indiiOS-Alpha-Electron/src/services/MembershipService.budget.test.ts"},{"assertionResults":[{"ancestorTitles":["MembershipService (Ledger Circuit Breaker)"],"fullName":"MembershipService (Ledger Circuit Breaker) 💸 \"Circuit Breaker\": Halts a runaway loop exactly at the quota limit","status":"passed","title":"💸 \"Circuit Breaker\": Halts a runaway loop exactly at the quota limit","duration":7.12216699999999,"failureMessages":[],"meta":{}},{"ancestorTitles":["MembershipService (Ledger Circuit Breaker)"],"fullName":"MembershipService (Ledger Circuit Breaker) 💸 \"Upsell Trigger\": Returns correct maxAllowed when blocked","status":"passed","title":"💸 \"Upsell Trigger\": Returns correct maxAllowed when blocked","duration":0.5629590000000917,"failureMessages":[],"meta":{}}],"startTime":1773021883459,"endTime":1773021883466.563,"status":"passed","message":"","name":"/Volumes/X SSD 2025/Users/narrowchannel/Desktop/indiiOS-Alpha-Electron/src/services/MembershipService.circuitbreaker.test.ts"},{"assertionResults":[{"ancestorTitles":["MembershipService (Ledger's Cost Predictor Integration)"],"fullName":"MembershipService (Ledger's Cost Predictor Integration) 💸 \"The Predictive Stop\": Blocks Veo 3.1 generation if predicted cost exceeds budget","status":"passed","title":"💸 \"The Predictive Stop\": Blocks Veo 3.1 generation if predicted cost exceeds budget","duration":6.05945799999995,"failureMessages":[],"meta":{}},{"ancestorTitles":["MembershipService (Ledger's Cost Predictor Integration)"],"fullName":"MembershipService (Ledger's Cost Predictor Integration) 💸 allows Veo 3.1 generation if budget permits","status":"passed","title":"💸 allows Veo 3.1 generation if budget permits","duration":0.3333749999999327,"failureMessages":[],"meta":{}}],"startTime":1773021919629,"endTime":1773021919635.0596,"status":"passed","message":"","name":"/Volumes/X SSD 2025/Users/narrowchannel/Desktop/indiiOS-Alpha-Electron/src/services/MembershipService.cost_predictor.test.ts"},{"assertionResults":[{"ancestorTitles":["MembershipService (Ledger Quota Reset)"],"fullName":"MembershipService (Ledger Quota Reset) 💸 \"The Quota Reset\": Ensures daily free limits reset correctly at midnight","status":"passed","title":"💸 \"The Quota Reset\": Ensures daily free limits reset correctly at midnight","duration":15.952208000000155,"failureMessages":[],"meta":{}}],"startTime":1773021915990,"endTime":1773021916005.9521,"status":"passed","message":"","name":"/Volumes/X SSD 2025/Users/narrowchannel/Desktop/indiiOS-Alpha-Electron/src/services/MembershipService.ledger.reset.test.ts"},{"assertionResults":[{"ancestorTitles":["MembershipService (Ledger Budget Checks)"],"fullName":"MembershipService (Ledger Budget Checks) 💸 \"The Hard Limit\": Halts a runaway loop exactly when budget is breached","status":"passed","title":"💸 \"The Hard Limit\": Halts a runaway loop exactly when budget is breached","duration":4.871374999999944,"failureMessages":[],"meta":{}},{"ancestorTitles":["MembershipService (Ledger Budget Checks)"],"fullName":"MembershipService (Ledger Budget Checks) 💸 \"Pro Upgrade\": Allows higher spending","status":"passed","title":"💸 \"Pro Upgrade\": Allows higher spending","duration":0.30204200000002857,"failureMessages":[],"meta":{}}],"startTime":1773021912317,"endTime":1773021912322.302,"status":"passed","message":"","name":"/Volumes/X SSD 2025/Users/narrowchannel/Desktop/indiiOS-Alpha-Electron/src/services/MembershipService.ledger.test.ts"},{"assertionResults":[{"ancestorTitles":["MembershipService (Ledger Alerts)"],"fullName":"MembershipService (Ledger Alerts) 💸 \"High Usage Injection\": Triggers Stop Switch when Token Usage spikes","status":"passed","title":"💸 \"High Usage Injection\": Triggers Stop Switch when Token Usage spikes","duration":4.441083000000162,"failureMessages":[],"meta":{}},{"ancestorTitles":["MembershipService (Ledger Alerts)"],"fullName":"MembershipService (Ledger Alerts) 💸 \"Budget Alert\": Detects \"Near Limit\" state correctly","status":"passed","title":"💸 \"Budget Alert\": Detects \"Near Limit\" state correctly","duration":0.23066700000003948,"failureMessages":[],"meta":{}}],"startTime":1773021922230,"endTime":1773021922235.2307,"status":"passed","message":"","name":"/Volumes/X SSD 2025/Users/narrowchannel/Desktop/indiiOS-Alpha-Electron/src/services/MembershipService.ledger_alerts.test.ts"},{"assertionResults":[{"ancestorTitles":["MembershipService (Ledger Approval Gates)"],"fullName":"MembershipService (Ledger Approval Gates) 💸 \"Micro-Transaction\": allows small charges without approval","status":"passed","title":"💸 \"Micro-Transaction\": allows small charges without approval","duration":9.301625000000058,"failureMessages":[],"meta":{}},{"ancestorTitles":["MembershipService (Ledger Approval Gates)"],"fullName":"MembershipService (Ledger Approval Gates) 💸 \"Major Purchase\": flags expensive charges for user approval","status":"passed","title":"💸 \"Major Purchase\": flags expensive charges for user approval","duration":1.9900829999996859,"failureMessages":[],"meta":{}},{"ancestorTitles":["MembershipService (Ledger Approval Gates)"],"fullName":"MembershipService (Ledger Approval Gates) 💸 \"Ledger Logic\": Ensures approval is flagged even if budget permits","status":"passed","title":"💸 \"Ledger Logic\": Ensures approval is flagged even if budget permits","duration":2.121875000000273,"failureMessages":[],"meta":{}},{"ancestorTitles":["MembershipService (Ledger Approval Gates)"],"fullName":"MembershipService (Ledger Approval Gates) 💸 \"Threshold Edge Case\": Exactly $0.50 does not require approval","status":"passed","title":"💸 \"Threshold Edge Case\": Exactly $0.50 does not require approval","duration":0.8324999999999818,"failureMessages":[],"meta":{}}],"startTime":1773021910425,"endTime":1773021910439.8325,"status":"passed","message":"","name":"/Volumes/X SSD 2025/Users/narrowchannel/Desktop/indiiOS-Alpha-Electron/src/services/MembershipService.ledger_approval.test.ts"},{"assertionResults":[{"ancestorTitles":["MembershipService (Ledger Transaction Integrity)"],"fullName":"MembershipService (Ledger Transaction Integrity) 💸 \"The Standard Transaction\": Verifies correct credit deduction flow","status":"passed","title":"💸 \"The Standard Transaction\": Verifies correct credit deduction flow","duration":23.133584000000155,"failureMessages":[],"meta":{}},{"ancestorTitles":["MembershipService (Ledger Transaction Integrity)"],"fullName":"MembershipService (Ledger Transaction Integrity) 💸 \"The Hard Limit Rejection\": Aborts transaction when funds are insufficient","status":"passed","title":"💸 \"The Hard Limit Rejection\": Aborts transaction when funds are insufficient","duration":2.170415999999932,"failureMessages":[],"meta":{}},{"ancestorTitles":["MembershipService (Ledger Transaction Integrity)"],"fullName":"MembershipService (Ledger Transaction Integrity) 💸 \"Fake High Usage Injection\": Triggers Stop Switch immediately","status":"passed","title":"💸 \"Fake High Usage Injection\": Triggers Stop Switch immediately","duration":0.6381659999999556,"failureMessages":[],"meta":{}}],"startTime":1773021890812,"endTime":1773021890838.6382,"status":"passed","message":"","name":"/Volumes/X SSD 2025/Users/narrowchannel/Desktop/indiiOS-Alpha-Electron/src/services/MembershipService.ledger_transaction.test.ts"},{"assertionResults":[{"ancestorTitles":["MembershipService (Ledger Checks)","Circuit Breaker (Quota Enforcement)"],"fullName":"MembershipService (Ledger Checks) Circuit Breaker (Quota Enforcement) 💸 allows generation when usage is below limit (Free Tier)","status":"passed","title":"💸 allows generation when usage is below limit (Free Tier)","duration":4.548999999999978,"failureMessages":[],"meta":{}},{"ancestorTitles":["MembershipService (Ledger Checks)","Circuit Breaker (Quota Enforcement)"],"fullName":"MembershipService (Ledger Checks) Circuit Breaker (Quota Enforcement) 💸 ACTIVATES STOP SWITCH when limit is reached (The \"Hard Limit\")","status":"passed","title":"💸 ACTIVATES STOP SWITCH when limit is reached (The \"Hard Limit\")","duration":0.7184590000000526,"failureMessages":[],"meta":{}},{"ancestorTitles":["MembershipService (Ledger Checks)","Circuit Breaker (Quota Enforcement)"],"fullName":"MembershipService (Ledger Checks) Circuit Breaker (Quota Enforcement) 💸 blocks \"High Cost\" operations if they would exceed quota","status":"passed","title":"💸 blocks \"High Cost\" operations if they would exceed quota","duration":0.3527920000000222,"failureMessages":[],"meta":{}},{"ancestorTitles":["MembershipService (Ledger Checks)","Circuit Breaker (Quota Enforcement)"],"fullName":"MembershipService (Ledger Checks) Circuit Breaker (Quota Enforcement) 💸 respects Tier Upgrades (Pro Limit)","status":"passed","title":"💸 respects Tier Upgrades (Pro Limit)","duration":0.4597089999999753,"failureMessages":[],"meta":{}},{"ancestorTitles":["MembershipService (Ledger Checks)","Circuit Breaker (Quota Enforcement)"],"fullName":"MembershipService (Ledger Checks) Circuit Breaker (Quota Enforcement) 💸 handles Enterprise Unlimited logic","status":"passed","title":"💸 handles Enterprise Unlimited logic","duration":5.610791999999947,"failureMessages":[],"meta":{}},{"ancestorTitles":["MembershipService (Ledger Checks)","Wallet Logic (Usage Deductions)"],"fullName":"MembershipService (Ledger Checks) Wallet Logic (Usage Deductions) 💸 initializes \"Wallet\" (Usage Doc) if missing","status":"passed","title":"💸 initializes \"Wallet\" (Usage Doc) if missing","duration":2.908708000000047,"failureMessages":[],"meta":{}},{"ancestorTitles":["MembershipService (Ledger Checks)","Wallet Logic (Usage Deductions)"],"fullName":"MembershipService (Ledger Checks) Wallet Logic (Usage Deductions) 💸 deducts credits (Increments Usage) correctly","status":"passed","title":"💸 deducts credits (Increments Usage) correctly","duration":1.2522500000000036,"failureMessages":[],"meta":{}},{"ancestorTitles":["MembershipService (Ledger Checks)","Wallet Logic (Usage Deductions)"],"fullName":"MembershipService (Ledger Checks) Wallet Logic (Usage Deductions) 💸 tracks secondary costs (Video Seconds)","status":"passed","title":"💸 tracks secondary costs (Video Seconds)","duration":0.5617500000000746,"failureMessages":[],"meta":{}},{"ancestorTitles":["MembershipService (Ledger Checks)","Video Duration Gates"],"fullName":"MembershipService (Ledger Checks) Video Duration Gates 💸 blocks \"Free Tier\" users from \"Pro\" duration jobs","status":"passed","title":"💸 blocks \"Free Tier\" users from \"Pro\" duration jobs","duration":0.48137500000007094,"failureMessages":[],"meta":{}},{"ancestorTitles":["MembershipService (Ledger Checks)","Video Duration Gates"],"fullName":"MembershipService (Ledger Checks) Video Duration Gates 💸 allows \"Pro\" users to run longer jobs","status":"passed","title":"💸 allows \"Pro\" users to run longer jobs","duration":0.3440420000000586,"failureMessages":[],"meta":{}}],"startTime":1773021878544,"endTime":1773021878562.344,"status":"passed","message":"","name":"/Volumes/X SSD 2025/Users/narrowchannel/Desktop/indiiOS-Alpha-Electron/src/services/MembershipService.quota.test.ts"},{"assertionResults":[{"ancestorTitles":["MembershipService (Ledger Subscription Gates)"],"fullName":"MembershipService (Ledger Subscription Gates) 💸 \"Veo 3.1 Duration Gate\": Blocks Free users from Long Form generation","status":"passed","title":"💸 \"Veo 3.1 Duration Gate\": Blocks Free users from Long Form generation","duration":1.509457999999995,"failureMessages":[],"meta":{}},{"ancestorTitles":["MembershipService (Ledger Subscription Gates)"],"fullName":"MembershipService (Ledger Subscription Gates) 💸 \"Pro Access\": Allows Veo 3.1 Long Form generation for Pro users","status":"passed","title":"💸 \"Pro Access\": Allows Veo 3.1 Long Form generation for Pro users","duration":0.1552919999999176,"failureMessages":[],"meta":{}},{"ancestorTitles":["MembershipService (Ledger Subscription Gates)"],"fullName":"MembershipService (Ledger Subscription Gates) 💸 \"Feature Lock\": Ensures Advanced Editing (Veo Control) is disabled for Free Tier","status":"passed","title":"💸 \"Feature Lock\": Ensures Advanced Editing (Veo Control) is disabled for Free Tier","duration":0.13674999999989268,"failureMessages":[],"meta":{}},{"ancestorTitles":["MembershipService (Ledger Subscription Gates)"],"fullName":"MembershipService (Ledger Subscription Gates) 💸 \"Upgrade Path\": Provides actionable upsell message for blocked features","status":"passed","title":"💸 \"Upgrade Path\": Provides actionable upsell message for blocked features","duration":0.15466700000001765,"failureMessages":[],"meta":{}},{"ancestorTitles":["MembershipService (Ledger Subscription Gates)"],"fullName":"MembershipService (Ledger Subscription Gates) 💸 \"Enterprise Scale\": Allows Cinematic Duration (4 Hours)","status":"passed","title":"💸 \"Enterprise Scale\": Allows Cinematic Duration (4 Hours)","duration":0.13633299999992232,"failureMessages":[],"meta":{}}],"startTime":1773021885453,"endTime":1773021885455.1362,"status":"passed","message":"","name":"/Volumes/X SSD 2025/Users/narrowchannel/Desktop/indiiOS-Alpha-Electron/src/services/MembershipService.subscription.test.ts"},{"assertionResults":[{"ancestorTitles":["MembershipService","getLimits"],"f
[...]
me":"VideoTools generate_video_chain should return error if service returns empty list","status":"passed","title":"should return error if service returns empty list","duration":0.30491700000015953,"failureMessages":[],"meta":{}},{"ancestorTitles":["VideoTools","interpolate_sequence"],"fullName":"VideoTools interpolate_sequence should interpolate sequence successfully","status":"passed","title":"should interpolate sequence successfully","duration":0.43050000000016553,"failureMessages":[],"meta":{}},{"ancestorTitles":["VideoTools","interpolate_sequence"],"fullName":"VideoTools interpolate_sequence should use default prompt if not provided","status":"passed","title":"should use default prompt if not provided","duration":0.24145900000007714,"failureMessages":[],"meta":{}}],"startTime":1773021880289,"endTime":1773021880403.4304,"status":"passed","message":"","name":"/Volumes/X SSD 2025/Users/narrowchannel/Desktop/indiiOS-Alpha-Electron/src/services/agent/tools/__tests__/VideoTools.test.ts"},{"assertionResults":[{"ancestorTitles":["VideoTools - Whisk Integration"],"fullName":"VideoTools - Whisk Integration should use WhiskService to synthesize prompt and parameters when whiskState is active","status":"passed","title":"should use WhiskService to synthesize prompt and parameters when whiskState is active","duration":13.721665999999914,"failureMessages":[],"meta":{}},{"ancestorTitles":["VideoTools - Whisk Integration"],"fullName":"VideoTools - Whisk Integration should prefer explicit user arguments over Whisk presets (except prompt)","status":"passed","title":"should prefer explicit user arguments over Whisk presets (except prompt)","duration":0.34958300000016607,"failureMessages":[],"meta":{}},{"ancestorTitles":["VideoTools - Whisk Integration"],"fullName":"VideoTools - Whisk Integration should not use WhiskService if whiskState is missing","status":"passed","title":"should not use WhiskService if whiskState is missing","duration":0.24383299999999508,"failureMessages":[],"meta":{}},{"ancestorTitles":["VideoTools - Whisk Integration"],"fullName":"VideoTools - Whisk Integration should not use WhiskService if targetMedia is strictly \"audio\"","status":"passed","title":"should not use WhiskService if targetMedia is strictly \"audio\"","duration":0.11670800000001691,"failureMessages":[],"meta":{}}],"startTime":1773021879142,"endTime":1773021879156.244,"status":"passed","message":"","name":"/Volumes/X SSD 2025/Users/narrowchannel/Desktop/indiiOS-Alpha-Electron/src/services/agent/tools/__tests__/VideoTools.whisk.test.ts"},{"assertionResults":[{"ancestorTitles":["HybridOrchestrator Integration"],"fullName":"HybridOrchestrator Integration should handle multi-turn reasoning to completion","status":"passed","title":"should handle multi-turn reasoning to completion","duration":144.89991599999985,"failureMessages":[],"meta":{}},{"ancestorTitles":["HybridOrchestrator Integration"],"fullName":"HybridOrchestrator Integration should prune excessively long tool results","status":"passed","title":"should prune excessively long tool results","duration":0.7591670000001614,"failureMessages":[],"meta":{}}],"startTime":1773021896858,"endTime":1773021897003.7593,"status":"passed","message":"","name":"/Volumes/X SSD 2025/Users/narrowchannel/Desktop/indiiOS-Alpha-Electron/src/services/agent/hybrid/__tests__/HybridOrchestrator.test.ts"},{"assertionResults":[{"ancestorTitles":["AudioWaveform"],"fullName":"AudioWaveform should fetch audio data only once when width changes","status":"passed","title":"should fetch audio data only once when width changes","duration":123.95699999999988,"failureMessages":[],"meta":{}},{"ancestorTitles":["AudioWaveform"],"fullName":"AudioWaveform should re-fetch audio data when src changes","status":"passed","title":"should re-fetch audio data when src changes","duration":6.52283400000033,"failureMessages":[],"meta":{}}],"startTime":1773021875586,"endTime":1773021875716.523,"status":"passed","message":"","name":"/Volumes/X SSD 2025/Users/narrowchannel/Desktop/indiiOS-Alpha-Electron/src/modules/video/editor/components/AudioWaveform.test.tsx"},{"assertionResults":[{"ancestorTitles":["TimeRuler"],"fullName":"TimeRuler renders with accessibility attributes","status":"passed","title":"renders with accessibility attributes","duration":181.44679100000008,"failureMessages":[],"meta":{}},{"ancestorTitles":["TimeRuler"],"fullName":"TimeRuler updates aria-valuenow when currentTime changes","status":"passed","title":"updates aria-valuenow when currentTime changes","duration":10.34900000000016,"failureMessages":[],"meta":{}},{"ancestorTitles":["TimeRuler"],"fullName":"TimeRuler seeks forward with Right Arrow","status":"passed","title":"seeks forward with Right Arrow","duration":8.224500000000035,"failureMessages":[],"meta":{}},{"ancestorTitles":["TimeRuler"],"fullName":"TimeRuler seeks backward with Left Arrow","status":"passed","title":"seeks backward with Left Arrow","duration":2.0219170000000304,"failureMessages":[],"meta":{}},{"ancestorTitles":["TimeRuler"],"fullName":"TimeRuler respects boundaries","status":"passed","title":"respects boundaries","duration":29.483665999999857,"failureMessages":[],"meta":{}}],"startTime":1773021866622,"endTime":1773021866853.4836,"status":"passed","message":"","name":"/Volumes/X SSD 2025/Users/narrowchannel/Desktop/indiiOS-Alpha-Electron/src/modules/video/editor/components/TimeRuler.test.tsx"},{"assertionResults":[{"ancestorTitles":["VideoEditor Integration"],"fullName":"VideoEditor Integration manages playback state","status":"failed","title":"manages playback state","duration":62.33824999999979,"failureMessages":["TypeError: __vite_ssr_import_4__.useVideoEditorStore.subscribe is not a function\n    at /Volumes/X SSD 2025/Users/narrowchannel/Desktop/indiiOS-Alpha-Electron/src/modules/video/editor/hooks/useVideoEditor.ts:71:43\n    at commitHookEffectListMount (/Volumes/X SSD 2025/Users/narrowchannel/Desktop/indiiOS-Alpha-Electron/node_modules/react-dom/cjs/react-dom.development.js:23189:26)\n    at commitPassiveMountOnFiber (/Volumes/X SSD 2025/Users/narrowchannel/Desktop/indiiOS-Alpha-Electron/node_modules/react-dom/cjs/react-dom.development.js:24970:11)\n    at commitPassiveMountEffects_complete (/Volumes/X SSD 2025/Users/narrowchannel/Desktop/indiiOS-Alpha-Electron/node_modules/react-dom/cjs/react-dom.development.js:24930:9)\n    at commitPassiveMountEffects_begin (/Volumes/X SSD 2025/Users/narrowchannel/Desktop/indiiOS-Alpha-Electron/node_modules/react-dom/cjs/react-dom.development.js:24917:7)\n    at commitPassiveMountEffects (/Volumes/X SSD 2025/Users/narrowchannel/Desktop/indiiOS-Alpha-Electron/node_modules/react-dom/cjs/react-dom.development.js:24905:3)\n    at flushPassiveEffectsImpl (/Volumes/X SSD 2025/Users/narrowchannel/Desktop/indiiOS-Alpha-Electron/node_modules/react-dom/cjs/react-dom.development.js:27078:3)\n    at flushPassiveEffects (/Volumes/X SSD 2025/Users/narrowchannel/Desktop/indiiOS-Alpha-Electron/node_modules/react-dom/cjs/react-dom.development.js:27023:14)\n    at /Volumes/X SSD 2025/Users/narrowchannel/Desktop/indiiOS-Alpha-Electron/node_modules/react-dom/cjs/react-dom.development.js:26808:9\n    at flushActQueue (/Volumes/X SSD 2025/Users/narrowchannel/Desktop/indiiOS-Alpha-Electron/node_modules/react/cjs/react.development.js:2667:24)"],"meta":{}},{"ancestorTitles":["VideoEditor Integration"],"fullName":"VideoEditor Integration adds a track","status":"failed","title":"adds a track","duration":7.076415999999881,"failureMessages":["TypeError: __vite_ssr_import_4__.useVideoEditorStore.subscribe is not a function\n    at /Volumes/X SSD 2025/Users/narrowchannel/Desktop/indiiOS-Alpha-Electron/src/modules/video/editor/hooks/useVideoEditor.ts:71:43\n    at commitHookEffectListMount (/Volumes/X SSD 2025/Users/narrowchannel/Desktop/indiiOS-Alpha-Electron/node_modules/react-dom/cjs/react-dom.development.js:23189:26)\n    at commitPassiveMountOnFiber (/Volumes/X SSD 2025/Users/narrowchannel/Desktop/indiiOS-Alpha-Electron/node_modules/react-dom/cjs/react-dom.development.js:24970:11)\n    at commitPassiveMountEffects_complete (/Volumes/X SSD 2025/Users/narrowchannel/Desktop/indiiOS-Alpha-Electron/node_modules/react-dom/cjs/react-dom.development.js:24930:9)\n    at commitPassiveMountEffects_begin (/Volumes/X SSD 2025/Users/narrowchannel/Desktop/indiiOS-Alpha-Electron/node_modules/react-dom/cjs/react-dom.development.js:24917:7)\n    at commitPassiveMountEffects (/Volumes/X SSD 2025/Users/narrowchannel/Desktop/indiiOS-Alpha-Electron/node_modules/react-dom/cjs/react-dom.development.js:24905:3)\n    at flushPassiveEffectsImpl (/Volumes/X SSD 2025/Users/narrowchannel/Desktop/indiiOS-Alpha-Electron/node_modules/react-dom/cjs/react-dom.development.js:27078:3)\n    at flushPassiveEffects (/Volumes/X SSD 2025/Users/narrowchannel/Desktop/indiiOS-Alpha-Electron/node_modules/react-dom/cjs/react-dom.development.js:27023:14)\n    at /Volumes/X SSD 2025/Users/narrowchannel/Desktop/indiiOS-Alpha-Electron/node_modules/react-dom/cjs/react-dom.development.js:26808:9\n    at flushActQueue (/Volumes/X SSD 2025/Users/narrowchannel/Desktop/indiiOS-Alpha-Electron/node_modules/react/cjs/react.development.js:2667:24)"],"meta":{}},{"ancestorTitles":["VideoEditor Integration"],"fullName":"VideoEditor Integration adds a sample clip","status":"failed","title":"adds a sample clip","duration":6.584667000000081,"failureMessages":["TypeError: __vite_ssr_import_4__.useVideoEditorStore.subscribe is not a function\n    at /Volumes/X SSD 2025/Users/narrowchannel/Desktop/indiiOS-Alpha-Electron/src/modules/video/editor/hooks/useVideoEditor.ts:71:43\n    at commitHookEffectListMount (/Volumes/X SSD 2025/Users/narrowchannel/Desktop/indiiOS-Alpha-Electron/node_modules/react-dom/cjs/react-dom.development.js:23189:26)\n    at commitPassiveMountOnFiber (/Volumes/X SSD 2025/Users/narrowchannel/Desktop/indiiOS-Alpha-Electron/node_modules/react-dom/cjs/react-dom.development.js:24970:11)\n    at commitPassiveMountEffects_complete (/Volumes/X SSD 2025/Users/narrowchannel/Desktop/indiiOS-Alpha-Electron/node_modules/react-dom/cjs/react-dom.development.js:24930:9)\n    at commitPassiveMountEffects_begin (/Volumes/X SSD 2025/Users/narrowchannel/Desktop/indiiOS-Alpha-Electron/node_modules/react-dom/cjs/react-dom.development.js:24917:7)\n    at commitPassiveMountEffects (/Volumes/X SSD 2025/Users/narrowchannel/Desktop/indiiOS-Alpha-Electron/node_modules/react-dom/cjs/react-dom.development.js:24905:3)\n    at flushPassiveEffectsImpl (/Volumes/X SSD 2025/Users/narrowchannel/Desktop/indiiOS-Alpha-Electron/node_modules/react-dom/cjs/react-dom.development.js:27078:3)\n    at flushPassiveEffects (/Volumes/X SSD 2025/Users/narrowchannel/Desktop/indiiOS-Alpha-Electron/node_modules/react-dom/cjs/react-dom.development.js:27023:14)\n    at /Volumes/X SSD 2025/Users/narrowchannel/Desktop/indiiOS-Alpha-Electron/node_modules/react-dom/cjs/react-dom.development.js:26808:9\n    at flushActQueue (/Volumes/X SSD 2025/Users/narrowchannel/Desktop/indiiOS-Alpha-Electron/node_modules/react/cjs/react.development.js:2667:24)"],"meta":{}},{"ancestorTitles":["VideoEditor Integration"],"fullName":"VideoEditor Integration handles export flow","status":"failed","title":"handles export flow","duration":7.689041000000088,"failureMessages":["TypeError: __vite_ssr_import_4__.useVideoEditorStore.subscribe is not a function\n    at /Volumes/X SSD 2025/Users/narrowchannel/Desktop/indiiOS-Alpha-Electron/src/modules/video/editor/hooks/useVideoEditor.ts:71:43\n    at commitHookEffectListMount (/Volumes/X SSD 2025/Users/narrowchannel/Desktop/indiiOS-Alpha-Electron/node_modules/react-dom/cjs/react-dom.development.js:23189:26)\n    at commitPassiveMountOnFiber (/Volumes/X SSD 2025/Users/narrowchannel/Desktop/indiiOS-Alpha-Electron/node_modules/react-dom/cjs/react-dom.development.js:24970:11)\n    at commitPassiveMountEffects_complete (/Volumes/X SSD 2025/Users/narrowchannel/Desktop/indiiOS-Alpha-Electron/node_modules/react-dom/cjs/react-dom.development.js:24930:9)\n    at commitPassiveMountEffects_begin (/Volumes/X SSD 2025/Users/narrowchannel/Desktop/indiiOS-Alpha-Electron/node_modules/react-dom/cjs/react-dom.development.js:24917:7)\n    at commitPassiveMountEffects (/Volumes/X SSD 2025/Users/narrowchannel/Desktop/indiiOS-Alpha-Electron/node_modules/react-dom/cjs/react-dom.development.js:24905:3)\n    at flushPassiveEffectsImpl (/Volumes/X SSD 2025/Users/narrowchannel/Desktop/indiiOS-Alpha-Electron/node_modules/react-dom/cjs/react-dom.development.js:27078:3)\n    at flushPassiveEffects (/Volumes/X SSD 2025/Users/narrowchannel/Desktop/indiiOS-Alpha-Electron/node_modules/react-dom/cjs/react-dom.development.js:27023:14)\n    at /Volumes/X SSD 2025/Users/narrowchannel/Desktop/indiiOS-Alpha-Electron/node_modules/react-dom/cjs/react-dom.development.js:26808:9\n    at flushActQueue (/Volumes/X SSD 2025/Users/narrowchannel/Desktop/indiiOS-Alpha-Electron/node_modules/react/cjs/react.development.js:2667:24)"],"meta":{}},{"ancestorTitles":["VideoEditor Integration"],"fullName":"VideoEditor Integration handles drag and drop from library","status":"failed","title":"handles drag and drop from library","duration":8.470874999999978,"failureMessages":["TypeError: __vite_ssr_import_4__.useVideoEditorStore.subscribe is not a function\n    at /Volumes/X SSD 2025/Users/narrowchannel/Desktop/indiiOS-Alpha-Electron/src/modules/video/editor/hooks/useVideoEditor.ts:71:43\n    at commitHookEffectListMount (/Volumes/X SSD 2025/Users/narrowchannel/Desktop/indiiOS-Alpha-Electron/node_modules/react-dom/cjs/react-dom.development.js:23189:26)\n    at commitPassiveMountOnFiber (/Volumes/X SSD 2025/Users/narrowchannel/Desktop/indiiOS-Alpha-Electron/node_modules/react-dom/cjs/react-dom.development.js:24970:11)\n    at commitPassiveMountEffects_complete (/Volumes/X SSD 2025/Users/narrowchannel/Desktop/indiiOS-Alpha-Electron/node_modules/react-dom/cjs/react-dom.development.js:24930:9)\n    at commitPassiveMountEffects_begin (/Volumes/X SSD 2025/Users/narrowchannel/Desktop/indiiOS-Alpha-Electron/node_modules/react-dom/cjs/react-dom.development.js:24917:7)\n    at commitPassiveMountEffects (/Volumes/X SSD 2025/Users/narrowchannel/Desktop/indiiOS-Alpha-Electron/node_modules/react-dom/cjs/react-dom.development.js:24905:3)\n    at flushPassiveEffectsImpl (/Volumes/X SSD 2025/Users/narrowchannel/Desktop/indiiOS-Alpha-Electron/node_modules/react-dom/cjs/react-dom.development.js:27078:3)\n    at flushPassiveEffects (/Volumes/X SSD 2025/Users/narrowchannel/Desktop/indiiOS-Alpha-Electron/node_modules/react-dom/cjs/react-dom.development.js:27023:14)\n    at /Volumes/X SSD 2025/Users/narrowchannel/Desktop/indiiOS-Alpha-Electron/node_modules/react-dom/cjs/react-dom.development.js:26808:9\n    at flushActQueue (/Volumes/X SSD 2025/Users/narrowchannel/Desktop/indiiOS-Alpha-Electron/node_modules/react/cjs/react.development.js:2667:24)"],"meta":{}}],"startTime":1773021827691,"endTime":1773021827783.471,"status":"failed","message":"","name":"/Volumes/X SSD 2025/Users/narrowchannel/Desktop/indiiOS-Alpha-Electron/src/modules/video/editor/components/VideoEditor.interaction.test.tsx"},{"assertionResults":[{"ancestorTitles":["VideoPropertiesPanel"],"fullName":"VideoPropertiesPanel renders properties for selected clip","status":"passed","title":"renders properties for selected clip","duration":150.13208299999997,"failureMessages":[],"meta":{}},{"ancestorTitles":["VideoPropertiesPanel"],"fullName":"VideoPropertiesPanel adds a keyframe when diamond button is clicked","status":"passed","title":"adds a keyframe when diamond button is clicked","duration":49.63408300000037,"failureMessages":[],"meta":{}},{"ancestorTitles":["VideoPropertiesPanel"],"fullName":"VideoPropertiesPanel updates existing keyframe if time matches","status":"passed","title":"updates existing keyframe if time matches","duration":18.841292000000067,"failureMessages":[],"meta":{}}],"startTime":1773021872781,"endTime":1773021872997.8413,"status":"passed","message":"","name":"/Volumes/X SSD 2025/Users/narrowchannel/Desktop/indiiOS-Alpha-Electron/src/modules/video/editor/components/VideoPropertiesPanel.test.tsx"},{"assertionResults":[{"ancestorTitles":["VideoTimeline"],"fullName":"VideoTimeline renders clips","status":"passed","title":"renders clips","duration":240.35904099999993,"failureMessages":[],"meta":{}},{"ancestorTitles":["VideoTimeline"],"fullName":"VideoTimeline expands clip to show keyframe editor","status":"passed","title":"expands clip to show keyframe editor","duration":28.041791000000103,"failureMessages":[],"meta":{}},{"ancestorTitles":["VideoTimeline"],"fullName":"VideoTimeline adds keyframe when clicking on property row","status":"passed","title":"adds keyframe when clicking on property row","duration":20.70699999999988,"failureMessages":[],"meta":{}},{"ancestorTitles":["VideoTimeline"],"fullName":"VideoTimeline removes keyframe when right-clicking on diamond","status":"passed","title":"removes keyframe when right-clicking on diamond","duration":18.68591699999979,"failureMessages":[],"meta":{}},{"ancestorTitles":["VideoTimeline"],"fullName":"VideoTimeline cycles easing when clicking on diamond","status":"passed","title":"cycles easing when clicking on diamond","duration":12.045750000000226,"failureMessages":[],"meta":{}}],"startTime":1773021866387,"endTime":1773021866707.0457,"status":"passed","message":"","name":"/Volumes/X SSD 2025/Users/narrowchannel/Desktop/indiiOS-Alpha-Electron/src/modules/video/editor/components/VideoTimeline.test.tsx"},{"assertionResults":[{"ancestorTitles":["WhiskDropZone Accessibility"],"fullName":"WhiskDropZone Accessibility should have no accessibility violations","status":"passed","title":"should have no accessibility violations","duration":560.0231250000002,"failureMessages":[],"meta":{}},{"ancestorTitles":["WhiskDropZone Accessibility"],"fullName":"WhiskDropZone Accessibility buttons should have accessible names","status":"passed","title":"buttons should have accessible names","duration":18.353499999999713,"failureMessages":[],"meta":{}}],"startTime":1773021842489,"endTime":1773021843068.3535,"status":"passed","message":"","name":"/Volumes/X SSD 2025/Users/narrowchannel/Desktop/indiiOS-Alpha-Electron/src/modules/creative/components/whisk/__tests__/WhiskDropZone.a11y.test.tsx"},{"assertionResults":[{"ancestorTitles":["WhiskDropZone"],"fullName":"WhiskDropZone renders correctly","status":"passed","title":"renders correctly","duration":106.76808399999982,"failureMessages":[],"meta":{}},{"ancestorTitles":["WhiskDropZone"],"fullName":"WhiskDropZone shows input when clicking add button","status":"passed","title":"shows input when clicking add button","duration":173.6455420000002,"failureMessages":[],"meta":{}},{"ancestorTitles":["WhiskDropZone"],"fullName":"WhiskDropZone adds a text item on Enter","status":"passed","title":"adds a text item on Enter","duration":99.119416,"failureMessages":[],"meta":{}},{"ancestorTitles":["WhiskDropZone"],"fullName":"WhiskDropZone toggles an item","status":"passed","title":"toggles an item","duration":11.780040999999983,"failureMessages":[],"meta":{}},{"ancestorTitles":["WhiskDropZone"],"fullName":"WhiskDropZone removes an item","status":"passed","title":"removes an item","duration":54.27520800000002,"failureMessages":[],"meta":{}},{"ancestorTitles":["WhiskDropZone"],"fullName":"WhiskDropZone updates an item caption","status":"passed","title":"updates an item caption","duration":16.368417000000136,"failureMessages":[],"meta":{}},{"ancestorTitles":["WhiskDropZone"],"fullName":"WhiskDropZone handles QuotaExceededError during file upload","status":"passed","title":"handles QuotaExceededError during file upload","duration":72.97375000000011,"failureMessages":[],"meta":{}}],"startTime":1773021861533,"endTime":1773021862067.9736,"status":"passed","message":"","name":"/Volumes/X SSD 2025/Users/narrowchannel/Desktop/indiiOS-Alpha-Electron/src/modules/creative/components/whisk/__tests__/WhiskDropZone.test.tsx"}]}